Get the version of jar
vRSLCM version:  860
Blackstone version:  860
Archive:  vmlcm-service-8.6.0-SNAPSHOT.jar
   creating: META-INF/
  inflating: META-INF/MANIFEST.MF    
   creating: org/
   creating: org/springframework/
   creating: org/springframework/boot/
   creating: org/springframework/boot/loader/
  inflating: org/springframework/boot/loader/Launcher.class  
  inflating: org/springframework/boot/loader/JarLauncher.class  
   creating: org/springframework/boot/loader/archive/
  inflating: org/springframework/boot/loader/archive/JarFileArchive$JarFileEntry.class  
   creating: org/springframework/boot/loader/data/
  inflating: org/springframework/boot/loader/data/RandomAccessDataFile$1.class  
  inflating: org/springframework/boot/loader/ExecutableArchiveLauncher.class  
  inflating: org/springframework/boot/loader/archive/JarFileArchive$EntryIterator.class  
   creating: org/springframework/boot/loader/jar/
  inflating: org/springframework/boot/loader/jar/FileHeader.class  
  inflating: org/springframework/boot/loader/data/RandomAccessDataFile$DataInputStream.class  
  inflating: org/springframework/boot/loader/archive/ExplodedArchive.class  
  inflating: org/springframework/boot/loader/data/RandomAccessDataFile$FileAccess.class  
  inflating: org/springframework/boot/loader/archive/ExplodedArchive$1.class  
  inflating: org/springframework/boot/loader/archive/Archive.class  
  inflating: org/springframework/boot/loader/archive/ExplodedArchive$FileEntry.class  
  inflating: org/springframework/boot/loader/archive/Archive$EntryFilter.class  
  inflating: org/springframework/boot/loader/archive/Archive$Entry.class  
  inflating: org/springframework/boot/loader/data/RandomAccessDataFile.class  
  inflating: org/springframework/boot/loader/jar/JarFileEntries$EntryIterator.class  
  inflating: org/springframework/boot/loader/data/RandomAccessData.class  
  inflating: org/springframework/boot/loader/archive/JarFileArchive.class  
  inflating: org/springframework/boot/loader/archive/ExplodedArchive$FileEntryIterator$EntryComparator.class  
  inflating: org/springframework/boot/loader/PropertiesLauncher.class  
  inflating: org/springframework/boot/loader/archive/ExplodedArchive$FileEntryIterator.class  
  inflating: org/springframework/boot/loader/jar/ZipInflaterInputStream.class  
  inflating: org/springframework/boot/loader/jar/CentralDirectoryVisitor.class  
  inflating: org/springframework/boot/loader/jar/JarEntry.class  
  inflating: org/springframework/boot/loader/jar/CentralDirectoryParser.class  
  inflating: org/springframework/boot/loader/jar/JarFile.class  
  inflating: org/springframework/boot/loader/jar/CentralDirectoryEndRecord$Zip64End.class  
  inflating: org/springframework/boot/loader/jar/JarFile$2.class  
  inflating: org/springframework/boot/loader/jar/JarEntryFilter.class  
  inflating: org/springframework/boot/loader/jar/JarURLConnection$JarEntryName.class  
  inflating: org/springframework/boot/loader/jar/JarURLConnection$2.class  
  inflating: org/springframework/boot/loader/jar/JarFile$JarFileType.class  
  inflating: org/springframework/boot/loader/jar/JarURLConnection$CloseAction.class  
  inflating: org/springframework/boot/loader/jar/JarFile$1.class  
  inflating: org/springframework/boot/loader/jar/CentralDirectoryFileHeader.class  
  inflating: org/springframework/boot/loader/jar/CentralDirectoryEndRecord$Zip64Locator.class  
  inflating: org/springframework/boot/loader/PropertiesLauncher$ArchiveEntryFilter.class  
  inflating: org/springframework/boot/loader/PropertiesLauncher$1.class  
  inflating: org/springframework/boot/loader/WarLauncher.class  
  inflating: org/springframework/boot/loader/LaunchedURLClassLoader$UseFastConnectionExceptionsEnumeration.class  
  inflating: org/springframework/boot/loader/LaunchedURLClassLoader.class  
  inflating: org/springframework/boot/loader/jar/JarFileEntries.class  
  inflating: org/springframework/boot/loader/jar/JarURLConnection$1.class  
  inflating: org/springframework/boot/loader/jar/Bytes.class  
  inflating: org/springframework/boot/loader/jar/JarURLConnection.class  
  inflating: org/springframework/boot/loader/jar/CentralDirectoryEndRecord$1.class  
  inflating: org/springframework/boot/loader/jar/AsciiBytes.class  
  inflating: org/springframework/boot/loader/jar/StringSequence.class  
  inflating: org/springframework/boot/loader/jar/Handler.class  
  inflating: org/springframework/boot/loader/jar/JarFileEntries$1.class  
  inflating: org/springframework/boot/loader/jar/CentralDirectoryEndRecord.class  
   creating: org/springframework/boot/loader/util/
  inflating: org/springframework/boot/loader/util/SystemPropertyUtils.class  
  inflating: org/springframework/boot/loader/MainMethodRunner.class  
  inflating: org/springframework/boot/loader/PropertiesLauncher$PrefixMatchingArchiveFilter.class  
   creating: BOOT-INF/
   creating: BOOT-INF/classes/
   creating: BOOT-INF/classes/com/
   creating: BOOT-INF/classes/com/vmware/
   creating: BOOT-INF/classes/com/vmware/vrealize/
   creating: BOOT-INF/classes/com/vmware/vrealize/vrlcm/
   creating: BOOT-INF/classes/com/vmware/vrealize/vrlcm/services/
   creating: BOOT-INF/classes/com/vmware/vrealize/vrlcm/services/configuration/
  inflating: BOOT-INF/classes/application.yml  
  inflating: BOOT-INF/classes/banner.txt  
  inflating: BOOT-INF/classes/log4j2.xml  
  inflating: BOOT-INF/classes/vm     
  inflating: BOOT-INF/classes/vm_application.txt  
  inflating: BOOT-INF/classes/com/vmware/vrealize/vrlcm/services/configuration/LoggedInUserAuditorAware.class  
  inflating: BOOT-INF/classes/com/vmware/vrealize/vrlcm/services/configuration/SwaggerConfiguration.class  
  inflating: BOOT-INF/classes/com/vmware/vrealize/VRLCMService.class  
   creating: META-INF/maven/
   creating: META-INF/maven/com.vmware.vrealize.lcm.services/
   creating: META-INF/maven/com.vmware.vrealize.lcm.services/vmlcm-service/
  inflating: META-INF/maven/com.vmware.vrealize.lcm.services/vmlcm-service/pom.xml  
  inflating: META-INF/maven/com.vmware.vrealize.lcm.services/vmlcm-service/pom.properties  
   creating: BOOT-INF/lib/
 extracting: BOOT-INF/lib/spring-boot-starter-web-2.1.16.RELEASE.jar  
 extracting: BOOT-INF/lib/spring-boot-starter-2.1.16.RELEASE.jar  
 extracting: BOOT-INF/lib/spring-boot-2.1.16.RELEASE.jar  
 extracting: BOOT-INF/lib/spring-boot-starter-logging-2.1.16.RELEASE.jar  
 extracting: BOOT-INF/lib/logback-classic-1.2.3.jar  
 extracting: BOOT-INF/lib/logback-core-1.2.3.jar  
 extracting: BOOT-INF/lib/log4j-to-slf4j-2.11.2.jar  
 extracting: BOOT-INF/lib/jul-to-slf4j-1.7.12.jar  
 extracting: BOOT-INF/lib/javax.annotation-api-1.3.2.jar  
 extracting: BOOT-INF/lib/spring-core-5.1.17.RELEASE.jar  
 extracting: BOOT-INF/lib/spring-jcl-5.1.17.RELEASE.jar  
 extracting: BOOT-INF/lib/snakeyaml-1.23.jar  
 extracting: BOOT-INF/lib/spring-boot-starter-json-2.1.16.RELEASE.jar  
 extracting: BOOT-INF/lib/jackson-datatype-jdk8-2.10.2.jar  
 extracting: BOOT-INF/lib/jackson-datatype-jsr310-2.10.2.jar  
 extracting: BOOT-INF/lib/jackson-module-parameter-names-2.10.2.jar  
 extracting: BOOT-INF/lib/spring-boot-starter-tomcat-2.1.16.RELEASE.jar  
 extracting: BOOT-INF/lib/tomcat-embed-core-9.0.37.jar  
 extracting: BOOT-INF/lib/tomcat-embed-el-9.0.37.jar  
 extracting: BOOT-INF/lib/tomcat-embed-websocket-9.0.37.jar  
 extracting: BOOT-INF/lib/hibernate-validator-6.0.20.Final.jar  
 extracting: BOOT-INF/lib/validation-api-2.0.1.Final.jar  
 extracting: BOOT-INF/lib/jboss-logging-3.3.3.Final.jar  
 extracting: BOOT-INF/lib/spring-web-5.1.17.RELEASE.jar  
 extracting: BOOT-INF/lib/spring-webmvc-5.1.17.RELEASE.jar  
 extracting: BOOT-INF/lib/spring-expression-5.1.17.RELEASE.jar  
 extracting: BOOT-INF/lib/spring-boot-starter-security-2.1.16.RELEASE.jar  
 extracting: BOOT-INF/lib/spring-aop-5.1.17.RELEASE.jar  
 extracting: BOOT-INF/lib/spring-security-config-5.1.11.RELEASE.jar  
 extracting: BOOT-INF/lib/spring-security-core-5.1.11.RELEASE.jar  
 extracting: BOOT-INF/lib/spring-security-web-5.1.11.RELEASE.jar  
 extracting: BOOT-INF/lib/spring-boot-starter-data-jpa-2.1.16.RELEASE.jar  
 extracting: BOOT-INF/lib/spring-boot-starter-aop-2.1.16.RELEASE.jar  
 extracting: BOOT-INF/lib/aspectjweaver-1.9.6.jar  
 extracting: BOOT-INF/lib/spring-boot-starter-jdbc-2.1.16.RELEASE.jar  
 extracting: BOOT-INF/lib/HikariCP-3.2.0.jar  
 extracting: BOOT-INF/lib/spring-jdbc-5.1.17.RELEASE.jar  
 extracting: BOOT-INF/lib/javax.transaction-api-1.3.jar  
 extracting: BOOT-INF/lib/jaxb-api-2.3.1.jar  
 extracting: BOOT-INF/lib/javax.activation-api-1.2.0.jar  
 extracting: BOOT-INF/lib/hibernate-core-5.3.17.Final.jar  
 extracting: BOOT-INF/lib/javax.persistence-api-2.2.jar  
 extracting: BOOT-INF/lib/javassist-3.23.2-GA.jar  
 extracting: BOOT-INF/lib/byte-buddy-1.9.16.jar  
 extracting: BOOT-INF/lib/antlr-2.7.7.jar  
 extracting: BOOT-INF/lib/jandex-2.0.5.Final.jar  
 extracting: BOOT-INF/lib/dom4j-2.1.3.jar  
 extracting: BOOT-INF/lib/hibernate-commons-annotations-5.0.4.Final.jar  
 extracting: BOOT-INF/lib/jaxb-runtime-2.3.1.jar  
 extracting: BOOT-INF/lib/txw2-2.3.1.jar  
 extracting: BOOT-INF/lib/istack-commons-runtime-3.0.7.jar  
 extracting: BOOT-INF/lib/stax-ex-1.8.jar  
 extracting: BOOT-INF/lib/FastInfoset-1.2.15.jar  
 extracting: BOOT-INF/lib/spring-data-jpa-2.1.19.RELEASE.jar  
 extracting: BOOT-INF/lib/spring-data-commons-2.1.19.RELEASE.jar  
 extracting: BOOT-INF/lib/spring-orm-5.1.17.RELEASE.jar  
 extracting: BOOT-INF/lib/spring-aspects-5.1.17.RELEASE.jar  
 extracting: BOOT-INF/lib/spring-boot-starter-actuator-2.1.16.RELEASE.jar  
 extracting: BOOT-INF/lib/spring-boot-actuator-autoconfigure-2.1.16.RELEASE.jar  
 extracting: BOOT-INF/lib/spring-boot-actuator-2.1.16.RELEASE.jar  
 extracting: BOOT-INF/lib/micrometer-core-1.1.16.jar  
 extracting: BOOT-INF/lib/HdrHistogram-2.1.9.jar  
 extracting: BOOT-INF/lib/LatencyUtils-2.0.3.jar  
 extracting: BOOT-INF/lib/vmlcm-contentrepository-core-8.6.0-SNAPSHOT.jar  
 extracting: BOOT-INF/lib/vmlcm-contentrepository-common-8.6.0-SNAPSHOT.jar  
 extracting: BOOT-INF/lib/lcm-util-8.6.0-SNAPSHOT.jar  
 extracting: BOOT-INF/lib/ini4j-0.5.1.jar  
 extracting: BOOT-INF/lib/jackson-core-2.10.2.jar  
 extracting: BOOT-INF/lib/jsch-0.1.54.jar  
 extracting: BOOT-INF/lib/jackson-module-jsonSchema-2.10.2.jar  
 extracting: BOOT-INF/lib/commons-lang-2.6.jar  
 extracting: BOOT-INF/lib/diffutils-1.3.0.jar  
 extracting: BOOT-INF/lib/jdom-1.1.jar  
 extracting: BOOT-INF/lib/reflections-0.9.11.jar  
 extracting: BOOT-INF/lib/commons-net-3.4.jar  
 extracting: BOOT-INF/lib/commons-fileupload-1.4.jar  
 extracting: BOOT-INF/lib/minimal-json-0.9.5.jar  
 extracting: BOOT-INF/lib/commons-text-1.5.jar  
 extracting: BOOT-INF/lib/freemarker-2.3.29.jar  
 extracting: BOOT-INF/lib/vmlcm-commons-core-8.6.0-SNAPSHOT.jar  
 extracting: BOOT-INF/lib/singleton-client-java-0.5.1.jar  
 extracting: BOOT-INF/lib/javax.servlet.jsp-api-2.3.1.jar  
 extracting: BOOT-INF/lib/javax.servlet-api-4.0.1.jar  
 extracting: BOOT-INF/lib/taglibs-standard-impl-1.2.5.jar  
 extracting: BOOT-INF/lib/singleton-i18n-patterns-core-0.5.5.jar  
 extracting: BOOT-INF/lib/modelmapper-1.1.3.jar  
 extracting: BOOT-INF/lib/log4j-core-2.8.2.jar  
 extracting: BOOT-INF/lib/postgresql-42.2.5.jar  
 extracting: BOOT-INF/lib/vmlcm-bootstrap-core-8.6.0-SNAPSHOT.jar  
 extracting: BOOT-INF/lib/commons-lang3-3.4.jar  
 extracting: BOOT-INF/lib/vmlcm-bootstrap-common-8.6.0-SNAPSHOT.jar  
 extracting: BOOT-INF/lib/vmlcm-dbservice-core-8.6.0-SNAPSHOT.jar  
 extracting: BOOT-INF/lib/vmlcm-commons-common-8.6.0-SNAPSHOT.jar  
 extracting: BOOT-INF/lib/vmlcm-dbservice-common-8.6.0-SNAPSHOT.jar  
 extracting: BOOT-INF/lib/vmlcm-engineservice-core-8.6.0-SNAPSHOT.jar  
 extracting: BOOT-INF/lib/vmlcm-engineservice-common-8.6.0-SNAPSHOT.jar  
 extracting: BOOT-INF/lib/vmlcm-requestservice-common-8.6.0-SNAPSHOT.jar  
 extracting: BOOT-INF/lib/vmlcm-authznservice-common-8.6.0-SNAPSHOT.jar  
 extracting: BOOT-INF/lib/vmlcm-lcopsservice-core-8.6.0-SNAPSHOT.jar  
 extracting: BOOT-INF/lib/vmlcm-lcopsservice-common-8.6.0-SNAPSHOT.jar  
 extracting: BOOT-INF/lib/vmlcm-vsphereplugin-common-8.6.0-SNAPSHOT.jar  
 extracting: BOOT-INF/lib/vmlcm-commonplugin-common-8.6.0-SNAPSHOT.jar  
 extracting: BOOT-INF/lib/vmlcm-shellservice-common-8.6.0-SNAPSHOT.jar  
 extracting: BOOT-INF/lib/vmlcm-notificationplugin-common-8.6.0-SNAPSHOT.jar  
 extracting: BOOT-INF/lib/spring-boot-starter-thymeleaf-2.1.16.RELEASE.jar  
 extracting: BOOT-INF/lib/thymeleaf-spring5-3.0.11.RELEASE.jar  
 extracting: BOOT-INF/lib/thymeleaf-3.0.11.RELEASE.jar  
 extracting: BOOT-INF/lib/attoparser-2.0.5.RELEASE.jar  
 extracting: BOOT-INF/lib/unbescape-1.1.6.RELEASE.jar  
 extracting: BOOT-INF/lib/thymeleaf-extras-java8time-3.0.4.RELEASE.jar  
 extracting: BOOT-INF/lib/spring-boot-starter-mail-2.1.16.RELEASE.jar  
 extracting: BOOT-INF/lib/spring-context-support-5.1.17.RELEASE.jar  
 extracting: BOOT-INF/lib/javax.mail-1.6.2.jar  
 extracting: BOOT-INF/lib/activation-1.1.jar  
 extracting: BOOT-INF/lib/commons-collections-3.2.2.jar  
 extracting: BOOT-INF/lib/vmlcm-locker-core-8.6.0-SNAPSHOT.jar  
 extracting: BOOT-INF/lib/joda-time-2.10.6.jar  
 extracting: BOOT-INF/lib/vmlcm-locker-common-8.6.0-SNAPSHOT.jar  
 extracting: BOOT-INF/lib/vmlcm-commons-client-8.6.0-SNAPSHOT.jar  
 extracting: BOOT-INF/lib/spring-cloud-starter-openfeign-2.0.1.RELEASE.jar  
 extracting: BOOT-INF/lib/spring-cloud-starter-2.0.1.RELEASE.jar  
 extracting: BOOT-INF/lib/spring-cloud-context-2.0.1.RELEASE.jar  
 extracting: BOOT-INF/lib/spring-security-rsa-1.0.5.RELEASE.jar  
 extracting: BOOT-INF/lib/spring-cloud-openfeign-core-2.0.1.RELEASE.jar  
 extracting: BOOT-INF/lib/spring-cloud-netflix-ribbon-2.0.1.RELEASE.jar  
 extracting: BOOT-INF/lib/spring-cloud-netflix-archaius-2.0.1.RELEASE.jar  
 extracting: BOOT-INF/lib/spring-cloud-commons-2.0.1.RELEASE.jar  
 extracting: BOOT-INF/lib/spring-security-crypto-5.1.11.RELEASE.jar  
 extracting: BOOT-INF/lib/feign-core-9.5.1.jar  
 extracting: BOOT-INF/lib/feign-slf4j-9.5.1.jar  
 extracting: BOOT-INF/lib/feign-hystrix-9.5.1.jar  
 extracting: BOOT-INF/lib/archaius-core-0.7.6.jar  
 extracting: BOOT-INF/lib/hystrix-core-1.5.12.jar  
 extracting: BOOT-INF/lib/rxjava-1.3.8.jar  
 extracting: BOOT-INF/lib/feign-java8-9.5.1.jar  
 extracting: BOOT-INF/lib/feign-form-spring-3.3.0.jar  
 extracting: BOOT-INF/lib/feign-form-3.3.0.jar  
 extracting: BOOT-INF/lib/annotations-3.0.1.jar  
 extracting: BOOT-INF/lib/jcip-annotations-1.0.jar  
 extracting: BOOT-INF/lib/java-jwt-3.8.1.jar  
 extracting: BOOT-INF/lib/commons-codec-1.11.jar  
 extracting: BOOT-INF/lib/vmlcm-requestservice-core-8.6.0-SNAPSHOT.jar  
 extracting: BOOT-INF/lib/vmlcm-vidmplugin-requestcommon-8.6.0-SNAPSHOT.jar  
 extracting: BOOT-INF/lib/vmlcm-shellservice-core-8.6.0-SNAPSHOT.jar  
 extracting: BOOT-INF/lib/vmlcm-authznservice-core-8.6.0-SNAPSHOT.jar  
 extracting: BOOT-INF/lib/commons-dbcp-1.4.jar  
 extracting: BOOT-INF/lib/commons-pool-1.6.jar  
 extracting: BOOT-INF/lib/spring-security-oauth2-2.1.5.RELEASE.jar  
 extracting: BOOT-INF/lib/jackson-mapper-asl-1.9.13.jar  
 extracting: BOOT-INF/lib/jackson-core-asl-1.9.13.jar  
 extracting: BOOT-INF/lib/spring-security-oauth2-autoconfigure-2.0.0.RELEASE.jar  
 extracting: BOOT-INF/lib/spring-security-jwt-1.0.5.RELEASE.jar  
 extracting: BOOT-INF/lib/hamcrest-core-1.3.jar  
 extracting: BOOT-INF/lib/mockito-core-2.23.4.jar  
 extracting: BOOT-INF/lib/byte-buddy-agent-1.9.16.jar  
 extracting: BOOT-INF/lib/objenesis-2.6.jar  
 extracting: BOOT-INF/lib/vmlcm-marketplaceservice-core-8.6.0-SNAPSHOT.jar  
 extracting: BOOT-INF/lib/vmlcm-marketplaceservice-common-8.6.0-SNAPSHOT.jar  
 extracting: BOOT-INF/lib/vmlcm-vrcc-core-8.6.0-SNAPSHOT.jar  
 extracting: BOOT-INF/lib/spring-retry-1.2.5.RELEASE.jar  
 extracting: BOOT-INF/lib/spring-boot-starter-test-2.1.16.RELEASE.jar  
 extracting: BOOT-INF/lib/spring-boot-test-2.1.16.RELEASE.jar  
 extracting: BOOT-INF/lib/spring-boot-test-autoconfigure-2.1.16.RELEASE.jar  
 extracting: BOOT-INF/lib/json-path-2.4.0.jar  
 extracting: BOOT-INF/lib/json-smart-2.3.jar  
 extracting: BOOT-INF/lib/accessors-smart-1.2.jar  
 extracting: BOOT-INF/lib/asm-5.0.4.jar  
 extracting: BOOT-INF/lib/assertj-core-3.11.1.jar  
 extracting: BOOT-INF/lib/hamcrest-library-1.3.jar  
 extracting: BOOT-INF/lib/jsonassert-1.5.0.jar  
 extracting: BOOT-INF/lib/android-json-0.0.20131108.vaadin1.jar  
 extracting: BOOT-INF/lib/xmlunit-core-2.6.4.jar  
 extracting: BOOT-INF/lib/le-mans-client-sdk-1.0.11-1687-048537b.jar  
 extracting: BOOT-INF/lib/le-mans-common-1.0.11-1687-048537b.jar  
 extracting: BOOT-INF/lib/avro-1.9.0.jar  
 extracting: BOOT-INF/lib/okhttp-3.8.1.jar  
 extracting: BOOT-INF/lib/okio-1.13.0.jar  
 extracting: BOOT-INF/lib/metrics-json-4.0.7.jar  
 extracting: BOOT-INF/lib/dropwizard-metrics-3.1-4.25.jar  
 extracting: BOOT-INF/lib/java-client-4.25.jar  
 extracting: BOOT-INF/lib/java-lib-4.25.jar  
 extracting: BOOT-INF/lib/resteasy-jaxrs-3.0.21.Final.jar  
 extracting: BOOT-INF/lib/jboss-jaxrs-api_2.0_spec-1.0.1.Beta1.jar  
 extracting: BOOT-INF/lib/jboss-annotations-api_1.2_spec-1.0.0.Final.jar  
 extracting: BOOT-INF/lib/metrics-core-2.2.0.jar  
 extracting: BOOT-INF/lib/antlr4-runtime-4.5.2-1.jar  
 extracting: BOOT-INF/lib/pyrolite-4.10.jar  
 extracting: BOOT-INF/lib/serpent-1.12.jar  
 extracting: BOOT-INF/lib/t-digest-3.1.jar  
 extracting: BOOT-INF/lib/metrics-jvm-4.0.7.jar  
 extracting: BOOT-INF/lib/csp-auth-adapter-3.2.1.jar  
 extracting: BOOT-INF/lib/jjwt-0.7.0.jar  
 extracting: BOOT-INF/lib/symphony-telemetry-handler-0.1.8.jar  
 extracting: BOOT-INF/lib/ph-client-2.6.216969.jar  
 extracting: BOOT-INF/lib/ph-api-common-2.6.216969.jar  
 extracting: BOOT-INF/lib/ph-api-interfaces-2.6.216969.jar  
 extracting: BOOT-INF/lib/ph-api-serialization-2.6.216969.jar  
 extracting: BOOT-INF/lib/sesame-rio-turtle-2.9.0.jar  
 extracting: BOOT-INF/lib/sesame-model-2.9.0.jar  
 extracting: BOOT-INF/lib/sesame-rio-api-2.9.0.jar  
 extracting: BOOT-INF/lib/sesame-rio-datatypes-2.9.0.jar  
 extracting: BOOT-INF/lib/sesame-rio-languages-2.9.0.jar  
 extracting: BOOT-INF/lib/sesame-util-2.9.0.jar  
 extracting: BOOT-INF/lib/ph-extension-api-2.6.216969.jar  
 extracting: BOOT-INF/lib/ph-telemetry-stand-common-2.6.216969.jar  
 extracting: BOOT-INF/lib/ph-upload-logic-2.6.216969.jar  
 extracting: BOOT-INF/lib/simpleclient_dropwizard-0.6.0.jar  
 extracting: BOOT-INF/lib/simpleclient-0.6.0.jar  
 extracting: BOOT-INF/lib/simpleclient_httpserver-0.6.0.jar  
 extracting: BOOT-INF/lib/simpleclient_common-0.6.0.jar  
 extracting: BOOT-INF/lib/otk-auth-1.0.11-1687-048537b.jar  
 extracting: BOOT-INF/lib/csp-auth-1.0.11-1687-048537b.jar  
 extracting: BOOT-INF/lib/le-mans-client-commons-1.0.11-1687-048537b.jar  
 extracting: BOOT-INF/lib/vertx-core-3.8.4.jar  
 extracting: BOOT-INF/lib/netty-common-4.1.51.Final.jar  
 extracting: BOOT-INF/lib/netty-buffer-4.1.51.Final.jar  
 extracting: BOOT-INF/lib/netty-transport-4.1.51.Final.jar  
 extracting: BOOT-INF/lib/netty-handler-4.1.51.Final.jar  
 extracting: BOOT-INF/lib/netty-codec-4.1.51.Final.jar  
 extracting: BOOT-INF/lib/netty-handler-proxy-4.1.51.Final.jar  
 extracting: BOOT-INF/lib/netty-codec-socks-4.1.51.Final.jar  
 extracting: BOOT-INF/lib/netty-codec-http-4.1.51.Final.jar  
 extracting: BOOT-INF/lib/netty-codec-http2-4.1.51.Final.jar  
 extracting: BOOT-INF/lib/netty-resolver-4.1.51.Final.jar  
 extracting: BOOT-INF/lib/netty-resolver-dns-4.1.51.Final.jar  
 extracting: BOOT-INF/lib/netty-codec-dns-4.1.51.Final.jar  
 extracting: BOOT-INF/lib/vertx-codegen-3.8.4.jar  
 extracting: BOOT-INF/lib/mvel2-2.3.1.Final.jar  
 extracting: BOOT-INF/lib/vertx-web-client-3.8.4.jar  
 extracting: BOOT-INF/lib/vertx-web-common-3.8.4.jar  
 extracting: BOOT-INF/lib/xenon-common-1.6.19.jar  
 extracting: BOOT-INF/lib/netty-all-4.1.51.Final.jar  
 extracting: BOOT-INF/lib/kryo-shaded-3.0.2.jar  
 extracting: BOOT-INF/lib/minlog-1.3.0.jar  
 extracting: BOOT-INF/lib/lucene-analyzers-common-6.5.0.jar  
 extracting: BOOT-INF/lib/lucene-core-6.5.0.jar  
 extracting: BOOT-INF/lib/lucene-misc-6.5.0.jar  
 extracting: BOOT-INF/lib/lucene-queries-6.5.0.jar  
 extracting: BOOT-INF/lib/lucene-grouping-6.5.0.jar  
 extracting: BOOT-INF/lib/lucene-backward-codecs-6.5.0.jar  
 extracting: BOOT-INF/lib/opentracing-api-0.30.0.jar  
 extracting: BOOT-INF/lib/opentracing-noop-0.30.0.jar  
 extracting: BOOT-INF/lib/powermock-api-mockito2-2.0.2.jar  
 extracting: BOOT-INF/lib/powermock-api-support-2.0.2.jar  
 extracting: BOOT-INF/lib/powermock-reflect-2.0.2.jar  
 extracting: BOOT-INF/lib/powermock-core-2.0.2.jar  
 extracting: BOOT-INF/lib/json-lib-2.4-jdk15.jar  
 extracting: BOOT-INF/lib/commons-beanutils-1.8.0.jar  
 extracting: BOOT-INF/lib/commons-logging-1.1.1.jar  
 extracting: BOOT-INF/lib/ezmorph-1.0.6.jar  
 extracting: BOOT-INF/lib/vmlcm-vrcc-common-8.6.0-SNAPSHOT.jar  
 extracting: BOOT-INF/lib/spring-boot-autoconfigure-2.1.16.RELEASE.jar  
 extracting: BOOT-INF/lib/vmlcm-migrationservice-core-8.6.0-SNAPSHOT.jar  
 extracting: BOOT-INF/lib/vmlcm-migrationservice-common-8.6.0-SNAPSHOT.jar  
 extracting: BOOT-INF/lib/vmlcm-blackstoneplugin-core-8.6.0-SNAPSHOT.jar  
 extracting: BOOT-INF/lib/vmlcm-blackstoneplugin-common-8.6.0-SNAPSHOT.jar  
 extracting: BOOT-INF/lib/vmlcm-blackstoneplugin-driver-8.6.0-SNAPSHOT.jar  
 extracting: BOOT-INF/lib/vmlcm-engineservice-legacycommon-8.6.0-SNAPSHOT.jar  
 extracting: BOOT-INF/lib/expect4j-1.9.jar  
 extracting: BOOT-INF/lib/org.apache.servicemix.bundles.oro-2.0.8_6.jar  
 extracting: BOOT-INF/lib/com.springsource.tcl.lang.jacl-1.4.1.jar  
 extracting: BOOT-INF/lib/com.springsource.tcl.lang-1.4.1.jar  
 extracting: BOOT-INF/lib/vmlcm-flexagent-core-8.6.0-SNAPSHOT.jar  
 extracting: BOOT-INF/lib/vmlcm-flexagent-common-8.6.0-SNAPSHOT.jar  
 extracting: BOOT-INF/lib/vmlcm-licensingplugin-driver-8.6.0-SNAPSHOT.jar  
 extracting: BOOT-INF/lib/licensecheck-1.1.5.jar  
 extracting: BOOT-INF/lib/commons-csv-1.8.jar  
 extracting: BOOT-INF/lib/vmlcm-myvmwareplugin-driver-8.6.0-SNAPSHOT.jar  
 extracting: BOOT-INF/lib/vmlcm-commonplugin-core-8.6.0-SNAPSHOT.jar  
 extracting: BOOT-INF/lib/vmlcm-commonplugin-driver-8.6.0-SNAPSHOT.jar  
 extracting: BOOT-INF/lib/vmlcm-locker-client-8.6.0-SNAPSHOT.jar  
 extracting: BOOT-INF/lib/vmlcm-shellservice-client-8.6.0-SNAPSHOT.jar  
 extracting: BOOT-INF/lib/vmlcm-vidmplugin-common-8.6.0-SNAPSHOT.jar  
 extracting: BOOT-INF/lib/spring-test-5.1.17.RELEASE.jar  
 extracting: BOOT-INF/lib/vmlcm-vrapreludeplugin-common-8.6.0-SNAPSHOT.jar  
 extracting: BOOT-INF/lib/vmlcm-vsphereplugin-core-8.6.0-SNAPSHOT.jar  
 extracting: BOOT-INF/lib/vmlcm-vsphereplugin-driver-8.6.0-SNAPSHOT.jar  
 extracting: BOOT-INF/lib/vlsi-core-6.5.jar  
 extracting: BOOT-INF/lib/httpmime-4.5.12.jar  
 extracting: BOOT-INF/lib/vlsi-client-6.5.jar  
 extracting: BOOT-INF/lib/query-vmodl-6.5.jar  
 extracting: BOOT-INF/lib/reflect-vmodl-6.5.jar  
 extracting: BOOT-INF/lib/vim-vmodl-6.5.jar  
 extracting: BOOT-INF/lib/stax2-api-3.1.4.jar  
 extracting: BOOT-INF/lib/woodstox-core-asl-4.4.1.jar  
 extracting: BOOT-INF/lib/stax-api-1.0-2.jar  
 extracting: BOOT-INF/lib/guava-20.0.jar  
 extracting: BOOT-INF/lib/log4j-api-2.8.2.jar  
 extracting: BOOT-INF/lib/commons-io-2.6.jar  
 extracting: BOOT-INF/lib/commons-compress-1.9.jar  
 extracting: BOOT-INF/lib/spring-context-5.1.17.RELEASE.jar  
 extracting: BOOT-INF/lib/vmlcm-vsphereplugin65Plus-core-8.6.0-SNAPSHOT.jar  
 extracting: BOOT-INF/lib/vmlcm-vsphereplugin65Plus-common-8.6.0-SNAPSHOT.jar  
 extracting: BOOT-INF/lib/vmlcm-vsphereplugin65Plus-driver-8.6.0-SNAPSHOT.jar  
 extracting: BOOT-INF/lib/jackson-dataformat-yaml-2.10.2.jar  
 extracting: BOOT-INF/lib/jackson-annotations-2.10.2.jar  
 extracting: BOOT-INF/lib/gson-2.8.6.jar  
 extracting: BOOT-INF/lib/jackson-databind-2.10.2.jar  
 extracting: BOOT-INF/lib/vmlcm-lcmplugin-core-8.6.0-SNAPSHOT.jar  
 extracting: BOOT-INF/lib/vmlcm-lcmplugin-common-8.6.0-SNAPSHOT.jar  
 extracting: BOOT-INF/lib/vmlcm-lcmplugin-driver-8.6.0-SNAPSHOT.jar  
 extracting: BOOT-INF/lib/vmlcm-dbservice-client-8.6.0-SNAPSHOT.jar  
 extracting: BOOT-INF/lib/vmlcm-vrapreludeplugin-core-8.6.0-SNAPSHOT.jar  
 extracting: BOOT-INF/lib/vmlcm-vrapreludeplugin-driver-8.6.0-SNAPSHOT.jar  
 extracting: BOOT-INF/lib/vmlcm-contentrepository-client-8.6.0-SNAPSHOT.jar  
 extracting: BOOT-INF/lib/metrics-graphite-4.0.7.jar  
 extracting: BOOT-INF/lib/amqp-client-5.4.3.jar  
 extracting: BOOT-INF/lib/fluent-hc-4.5.12.jar  
 extracting: BOOT-INF/lib/httpclient-4.5.12.jar  
 extracting: BOOT-INF/lib/httpcore-4.4.13.jar  
 extracting: BOOT-INF/lib/vmlcm-vidmplugin-core-8.6.0-SNAPSHOT.jar  
 extracting: BOOT-INF/lib/vmlcm-vidmplugin-driver-8.6.0-SNAPSHOT.jar  
 extracting: BOOT-INF/lib/vmlcm-vsseplugin-core-8.6.0-SNAPSHOT.jar  
 extracting: BOOT-INF/lib/vmlcm-vsseplugin-common-8.6.0-SNAPSHOT.jar  
 extracting: BOOT-INF/lib/vmlcm-vsseplugin-driver-8.6.0-SNAPSHOT.jar  
 extracting: BOOT-INF/lib/vmlcm-licensingplugin-common-8.6.0-SNAPSHOT.jar  
 extracting: BOOT-INF/lib/jackson-dataformat-xml-2.10.2.jar  
 extracting: BOOT-INF/lib/jackson-module-jaxb-annotations-2.10.2.jar  
 extracting: BOOT-INF/lib/jakarta.xml.bind-api-2.3.2.jar  
 extracting: BOOT-INF/lib/jakarta.activation-api-1.2.1.jar  
 extracting: BOOT-INF/lib/woodstox-core-5.0.3.jar  
 extracting: BOOT-INF/lib/vmlcm-cloudproxyplugin-core-8.6.0-SNAPSHOT.jar  
 extracting: BOOT-INF/lib/vmlcm-cloudproxyplugin-common-8.6.0-SNAPSHOT.jar  
 extracting: BOOT-INF/lib/vmlcm-cloudproxyplugin-driver-8.6.0-SNAPSHOT.jar  
 extracting: BOOT-INF/lib/vmlcm-vraplugin-core-8.6.0-SNAPSHOT.jar  
 extracting: BOOT-INF/lib/vmlcm-vraplugin-driver-8.6.0-SNAPSHOT.jar  
 extracting: BOOT-INF/lib/vmlcm-vraplugin-common-8.6.0-SNAPSHOT.jar  
 extracting: BOOT-INF/lib/cafe-sdk-7.3.0-SNAPSHOT-5460698-fips.jar  
 extracting: BOOT-INF/lib/jcl-over-slf4j-1.7.12.jar  
 extracting: BOOT-INF/lib/spring-oxm-5.1.17.RELEASE.jar  
 extracting: BOOT-INF/lib/spring-websocket-5.1.17.RELEASE.jar  
 extracting: BOOT-INF/lib/spring-messaging-5.1.17.RELEASE.jar  
 extracting: BOOT-INF/lib/tyrus-standalone-client-1.11.jar  
 extracting: BOOT-INF/lib/opensaml-2.6.4.jar  
 extracting: BOOT-INF/lib/openws-1.5.4.jar  
 extracting: BOOT-INF/lib/xmltooling-1.4.4.jar  
 extracting: BOOT-INF/lib/not-yet-commons-ssl-0.3.9.jar  
 extracting: BOOT-INF/lib/velocity-1.7.jar  
 extracting: BOOT-INF/lib/xmlsec-1.5.7.jar  
 extracting: BOOT-INF/lib/xml-apis-1.4.01.jar  
 extracting: BOOT-INF/lib/dom4j-1.6.1.jar  
 extracting: BOOT-INF/lib/jboss-transaction-api_1.1_spec-1.0.1.Final.jar  
 extracting: BOOT-INF/lib/jboss-logging-annotations-1.2.0.Beta1.jar  
 extracting: BOOT-INF/lib/hibernate-entitymanager-5.3.17.Final.jar  
 extracting: BOOT-INF/lib/jboss-transaction-api_1.2_spec-1.1.1.Final.jar  
 extracting: BOOT-INF/lib/commons-httpclient-3.1.jar  
 extracting: BOOT-INF/lib/aopalliance-1.0.jar  
 extracting: BOOT-INF/lib/spring-hateoas-0.25.2.RELEASE.jar  
 extracting: BOOT-INF/lib/aspectjrt-1.9.6.jar  
 extracting: BOOT-INF/lib/core4j-0.5.jar  
 extracting: BOOT-INF/lib/javax.ws.rs-api-2.0.1.jar  
 extracting: BOOT-INF/lib/jsr305-3.0.1.jar  
 extracting: BOOT-INF/lib/scim-sdk-1.8.0.jar  
 extracting: BOOT-INF/lib/json-1.0.0.jar  
 extracting: BOOT-INF/lib/servlet-api-3.0.20100224.jar  
 extracting: BOOT-INF/lib/wink-client-apache-httpclient-1.4.jar  
 extracting: BOOT-INF/lib/wink-client-1.4.jar  
 extracting: BOOT-INF/lib/wink-common-1.4.jar  
 extracting: BOOT-INF/lib/geronimo-jaxrs_1.1_spec-1.0.jar  
 extracting: BOOT-INF/lib/geronimo-annotation_1.1_spec-1.0.jar  
 extracting: BOOT-INF/lib/hibernate-validator-5.0.3.Final.jar  
 extracting: BOOT-INF/lib/jackson-jaxrs-json-provider-2.10.2.jar  
 extracting: BOOT-INF/lib/jackson-jaxrs-base-2.10.2.jar  
 extracting: BOOT-INF/lib/horizon-common-api-7.3.0-SNAPSHOT-5460698.jar  
 extracting: BOOT-INF/lib/jwt-token-7.3.0-SNAPSHOT-5460698.jar  
 extracting: BOOT-INF/lib/horizon-organization-api-7.3.0-SNAPSHOT-5460698.jar  
 extracting: BOOT-INF/lib/horizon-random-utils-7.3.0-SNAPSHOT-5460698.jar  
 extracting: BOOT-INF/lib/horizon-common-utils-7.3.0-SNAPSHOT-5460698.jar  
 extracting: BOOT-INF/lib/horizon-constants-7.3.0-SNAPSHOT-5460698.jar  
 extracting: BOOT-INF/lib/metrics-core-4.0.7.jar  
 extracting: BOOT-INF/lib/iaas-api-client-7.3.0.jar  
 extracting: BOOT-INF/lib/vmlcm-vraplugin-service-8.6.0-SNAPSHOT.jar  
 extracting: BOOT-INF/lib/log4j-1.2.17.jar  
 extracting: BOOT-INF/lib/lcm-configdriftplugin-common-8.6.0-SNAPSHOT.jar  
 extracting: BOOT-INF/lib/json-simple-1.1.1.jar  
 extracting: BOOT-INF/lib/lcm-configdriftplugin-services-8.6.0-SNAPSHOT.jar  
 extracting: BOOT-INF/lib/vmlcm-vroplugin-driver-8.6.0-SNAPSHOT.jar  
 extracting: BOOT-INF/lib/vmlcm-vrbplugin-core-8.6.0-SNAPSHOT.jar  
 extracting: BOOT-INF/lib/vmlcm-vrbplugin-common-8.6.0-SNAPSHOT.jar  
 extracting: BOOT-INF/lib/vmlcm-vrbplugin-driver-8.6.0-SNAPSHOT.jar  
 extracting: BOOT-INF/lib/vmlcm-vropsplugin-core-8.6.0-SNAPSHOT.jar  
 extracting: BOOT-INF/lib/json-20160810.jar  
 extracting: BOOT-INF/lib/vmlcm-vropsplugin-common-8.6.0-SNAPSHOT.jar  
 extracting: BOOT-INF/lib/vmlcm-vropsplugin-driver-8.6.0-SNAPSHOT.jar  
 extracting: BOOT-INF/lib/commons-configuration-1.10.jar  
 extracting: BOOT-INF/lib/vcops-common-1.0.jar  
 extracting: BOOT-INF/lib/fastutil-8.2.2.jar  
 extracting: BOOT-INF/lib/javax.el-api-2.2.4.jar  
 extracting: BOOT-INF/lib/vcops-platform-1.0.jar  
 extracting: BOOT-INF/lib/vcops-auth-client-1.0.jar  
 extracting: BOOT-INF/lib/vcops-suiteapi-client-1.7.jar  
 extracting: BOOT-INF/lib/vmlcm-vroplugin-core-8.6.0-SNAPSHOT.jar  
 extracting: BOOT-INF/lib/vmlcm-vroplugin-common-8.6.0-SNAPSHOT.jar  
 extracting: BOOT-INF/lib/powermock-module-junit4-2.0.2.jar  
 extracting: BOOT-INF/lib/powermock-module-junit4-common-2.0.2.jar  
 extracting: BOOT-INF/lib/vmlcm-vrliplugin-core-8.6.0-SNAPSHOT.jar  
 extracting: BOOT-INF/lib/vmlcm-vrliplugin-driver-8.6.0-SNAPSHOT.jar  
 extracting: BOOT-INF/lib/vmlcm-vrliplugin-common-8.6.0-SNAPSHOT.jar  
 extracting: BOOT-INF/lib/vmlcm-vrniplugin-core-8.6.0-SNAPSHOT.jar  
 extracting: BOOT-INF/lib/vmlcm-vrniplugin-common-8.6.0-SNAPSHOT.jar  
 extracting: BOOT-INF/lib/expect4j-1.6.jar  
 extracting: BOOT-INF/lib/vmlcm-vrniplugin-driver-8.6.0-SNAPSHOT.jar  
 extracting: BOOT-INF/lib/vmlcm-marketplaceplugin-core-8.6.0-SNAPSHOT.jar  
 extracting: BOOT-INF/lib/vmlcm-marketplaceplugin-common-8.6.0-SNAPSHOT.jar  
 extracting: BOOT-INF/lib/vmlcm-marketplaceplugin-driver-8.6.0-SNAPSHOT.jar  
 extracting: BOOT-INF/lib/vmlcm-sourcemappingplugin-core-8.6.0-SNAPSHOT.jar  
 extracting: BOOT-INF/lib/vmlcm-sourcemappingplugin-common-8.6.0-SNAPSHOT.jar  
 extracting: BOOT-INF/lib/vmlcm-sourcemappingplugin-driver-8.6.0-SNAPSHOT.jar  
 extracting: BOOT-INF/lib/vmlcm-patchplugin-driver-8.6.0-SNAPSHOT.jar  
 extracting: BOOT-INF/lib/vmlcm-myvmwareplugin-core-8.6.0-SNAPSHOT.jar  
 extracting: BOOT-INF/lib/vmlcm-myvmwareplugin-common-8.6.0-SNAPSHOT.jar  
 extracting: BOOT-INF/lib/vmlcm-patchplugin-core-8.6.0-SNAPSHOT.jar  
 extracting: BOOT-INF/lib/vmlcm-licensingplugin-core-8.6.0-SNAPSHOT.jar  
 extracting: BOOT-INF/lib/vmlcm-migrationplugin-core-8.6.0-SNAPSHOT.jar  
 extracting: BOOT-INF/lib/vmlcm-migrationplugin-common-8.6.0-SNAPSHOT.jar  
 extracting: BOOT-INF/lib/vmlcm-migrationplugin-driver-8.6.0-SNAPSHOT.jar  
 extracting: BOOT-INF/lib/vmlcm-notificationplugin-core-8.6.0-SNAPSHOT.jar  
 extracting: BOOT-INF/lib/vmlcm-notificationplugin-driver-8.6.0-SNAPSHOT.jar  
 extracting: BOOT-INF/lib/vmlcm-lcopsservice-client-8.6.0-SNAPSHOT.jar  
 extracting: BOOT-INF/lib/spring-beans-5.1.17.RELEASE.jar  
 extracting: BOOT-INF/lib/spring-tx-5.1.17.RELEASE.jar  
 extracting: BOOT-INF/lib/vmlcm-patchplugin-common-8.6.0-SNAPSHOT.jar  
 extracting: BOOT-INF/lib/vmlcm-vcfplugin-core-8.6.0-SNAPSHOT.jar  
 extracting: BOOT-INF/lib/vmlcm-vcfplugin-common-8.6.0-SNAPSHOT.jar  
 extracting: BOOT-INF/lib/vmlcm-vcfplugin-driver-8.6.0-SNAPSHOT.jar  
 extracting: BOOT-INF/lib/springfox-swagger2-2.9.2.jar  
 extracting: BOOT-INF/lib/swagger-annotations-1.5.20.jar  
 extracting: BOOT-INF/lib/swagger-models-1.5.20.jar  
 extracting: BOOT-INF/lib/springfox-spi-2.9.2.jar  
 extracting: BOOT-INF/lib/springfox-core-2.9.2.jar  
 extracting: BOOT-INF/lib/springfox-schema-2.9.2.jar  
 extracting: BOOT-INF/lib/springfox-swagger-common-2.9.2.jar  
 extracting: BOOT-INF/lib/springfox-spring-web-2.9.2.jar  
 extracting: BOOT-INF/lib/classmate-1.4.0.jar  
 extracting: BOOT-INF/lib/slf4j-api-1.7.12.jar  
 extracting: BOOT-INF/lib/spring-plugin-core-1.2.0.RELEASE.jar  
 extracting: BOOT-INF/lib/spring-plugin-metadata-1.2.0.RELEASE.jar  
 extracting: BOOT-INF/lib/mapstruct-1.2.0.Final.jar  
 extracting: BOOT-INF/lib/springfox-swagger-ui-2.9.2.jar  
updating: BOOT-INF/classes/log4j2.xml
	zip warning: Local Entry CRC does not match CD: BOOT-INF/classes/log4j2.xml
 (deflated 60%)
test of vmlcm-service-8.6.0-SNAPSHOT.jar OK
Zip action:  0
Waiting for vRLCM services to start.
Waiting for vRLCM services to start.
Waiting for vRLCM services to start.
Waiting for vRLCM services to start.
Waiting for vRLCM services to start.
Waiting for vRLCM services to start.
Waiting for vRLCM services to start.
Waiting for vRLCM services to start.
Waiting for vRLCM services to start.
Waiting for vRLCM services to start.
Archive:  blackstone-external-8.6.0.jar
   creating: META-INF/
  inflating: META-INF/MANIFEST.MF    
   creating: org/
   creating: org/springframework/
   creating: org/springframework/boot/
   creating: org/springframework/boot/loader/
  inflating: org/springframework/boot/loader/Launcher.class  
  inflating: org/springframework/boot/loader/JarLauncher.class  
   creating: org/springframework/boot/loader/archive/
  inflating: org/springframework/boot/loader/archive/JarFileArchive$JarFileEntry.class  
   creating: org/springframework/boot/loader/data/
  inflating: org/springframework/boot/loader/data/RandomAccessDataFile$1.class  
  inflating: org/springframework/boot/loader/ExecutableArchiveLauncher.class  
  inflating: org/springframework/boot/loader/archive/JarFileArchive$EntryIterator.class  
   creating: org/springframework/boot/loader/jar/
  inflating: org/springframework/boot/loader/jar/FileHeader.class  
  inflating: org/springframework/boot/loader/data/RandomAccessDataFile$DataInputStream.class  
  inflating: org/springframework/boot/loader/archive/ExplodedArchive.class  
  inflating: org/springframework/boot/loader/data/RandomAccessDataFile$FileAccess.class  
  inflating: org/springframework/boot/loader/archive/ExplodedArchive$1.class  
  inflating: org/springframework/boot/loader/archive/Archive.class  
  inflating: org/springframework/boot/loader/archive/ExplodedArchive$FileEntry.class  
  inflating: org/springframework/boot/loader/archive/Archive$EntryFilter.class  
  inflating: org/springframework/boot/loader/archive/Archive$Entry.class  
  inflating: org/springframework/boot/loader/data/RandomAccessDataFile.class  
  inflating: org/springframework/boot/loader/jar/JarFileEntries$EntryIterator.class  
  inflating: org/springframework/boot/loader/data/RandomAccessData.class  
  inflating: org/springframework/boot/loader/archive/JarFileArchive.class  
  inflating: org/springframework/boot/loader/archive/ExplodedArchive$FileEntryIterator$EntryComparator.class  
  inflating: org/springframework/boot/loader/PropertiesLauncher.class  
  inflating: org/springframework/boot/loader/archive/ExplodedArchive$FileEntryIterator.class  
  inflating: org/springframework/boot/loader/jar/ZipInflaterInputStream.class  
  inflating: org/springframework/boot/loader/jar/CentralDirectoryVisitor.class  
  inflating: org/springframework/boot/loader/jar/JarEntry.class  
  inflating: org/springframework/boot/loader/jar/CentralDirectoryParser.class  
  inflating: org/springframework/boot/loader/jar/JarFile.class  
  inflating: org/springframework/boot/loader/jar/CentralDirectoryEndRecord$Zip64End.class  
  inflating: org/springframework/boot/loader/jar/JarFile$2.class  
  inflating: org/springframework/boot/loader/jar/JarEntryFilter.class  
  inflating: org/springframework/boot/loader/jar/JarURLConnection$JarEntryName.class  
  inflating: org/springframework/boot/loader/jar/JarURLConnection$2.class  
  inflating: org/springframework/boot/loader/jar/JarFile$JarFileType.class  
  inflating: org/springframework/boot/loader/jar/JarURLConnection$CloseAction.class  
  inflating: org/springframework/boot/loader/jar/JarFile$1.class  
  inflating: org/springframework/boot/loader/jar/CentralDirectoryFileHeader.class  
  inflating: org/springframework/boot/loader/jar/CentralDirectoryEndRecord$Zip64Locator.class  
  inflating: org/springframework/boot/loader/PropertiesLauncher$ArchiveEntryFilter.class  
  inflating: org/springframework/boot/loader/PropertiesLauncher$1.class  
  inflating: org/springframework/boot/loader/WarLauncher.class  
  inflating: org/springframework/boot/loader/LaunchedURLClassLoader$UseFastConnectionExceptionsEnumeration.class  
  inflating: org/springframework/boot/loader/LaunchedURLClassLoader.class  
  inflating: org/springframework/boot/loader/jar/JarFileEntries.class  
  inflating: org/springframework/boot/loader/jar/JarURLConnection$1.class  
  inflating: org/springframework/boot/loader/jar/Bytes.class  
  inflating: org/springframework/boot/loader/jar/JarURLConnection.class  
  inflating: org/springframework/boot/loader/jar/CentralDirectoryEndRecord$1.class  
  inflating: org/springframework/boot/loader/jar/AsciiBytes.class  
  inflating: org/springframework/boot/loader/jar/StringSequence.class  
  inflating: org/springframework/boot/loader/jar/Handler.class  
  inflating: org/springframework/boot/loader/jar/JarFileEntries$1.class  
  inflating: org/springframework/boot/loader/jar/CentralDirectoryEndRecord.class  
   creating: org/springframework/boot/loader/util/
  inflating: org/springframework/boot/loader/util/SystemPropertyUtils.class  
  inflating: org/springframework/boot/loader/MainMethodRunner.class  
  inflating: org/springframework/boot/loader/PropertiesLauncher$PrefixMatchingArchiveFilter.class  
   creating: BOOT-INF/
   creating: BOOT-INF/classes/
   creating: BOOT-INF/classes/bootstrap/
   creating: BOOT-INF/classes/bootstrap/configuration/
   creating: BOOT-INF/classes/bootstrap/configuration/content-config/
   creating: BOOT-INF/classes/bootstrap/configuration/pipeline-config/
   creating: BOOT-INF/classes/com/
   creating: BOOT-INF/classes/com/vmware/
   creating: BOOT-INF/classes/com/vmware/blackstone/
   creating: BOOT-INF/classes/com/vmware/blackstone/pipeline/
   creating: BOOT-INF/classes/com/vmware/blackstone/pipeline/service/
   creating: BOOT-INF/classes/com/vmware/blackstone/pipeline/repository/
   creating: BOOT-INF/classes/com/vmware/blackstone/specifications/
   creating: BOOT-INF/classes/com/vmware/blackstone/service/
   creating: BOOT-INF/classes/com/vmware/blackstone/service/vRO/
   creating: BOOT-INF/classes/com/vmware/blackstone/service/vRO/repository/
   creating: BOOT-INF/classes/com/vmware/blackstone/service/vRA/
   creating: BOOT-INF/classes/com/vmware/blackstone/services/
   creating: BOOT-INF/classes/com/vmware/blackstone/services/vROps/
   creating: BOOT-INF/classes/com/vmware/blackstone/services/vROps/testconnection/
   creating: BOOT-INF/classes/com/vmware/blackstone/services/vROps/testconnection/service/
   creating: BOOT-INF/classes/com/vmware/blackstone/services/vsphere/
   creating: BOOT-INF/classes/com/vmware/blackstone/services/sourcecontrol/
   creating: BOOT-INF/classes/com/vmware/blackstone/services/implementations/
   creating: BOOT-INF/classes/com/vmware/blackstone/external/
   creating: BOOT-INF/classes/com/vmware/blackstone/external/common/
   creating: BOOT-INF/classes/com/vmware/blackstone/common/
   creating: BOOT-INF/classes/com/vmware/blackstone/endpoint/
   creating: BOOT-INF/classes/com/vmware/blackstone/endpoint/service/
   creating: BOOT-INF/classes/com/vmware/blackstone/endpoint/repository/
   creating: BOOT-INF/classes/com/vmware/blackstone/testconnection/
   creating: BOOT-INF/classes/com/vmware/blackstone/testconnection/common/
   creating: BOOT-INF/classes/com/vmware/blackstone/testconnection/common/service/
   creating: BOOT-INF/classes/com/vmware/blackstone/activitylog/
   creating: BOOT-INF/classes/com/vmware/blackstone/activitylog/service/
   creating: BOOT-INF/classes/com/vmware/blackstone/activitylog/repository/
   creating: BOOT-INF/classes/com/vmware/blackstone/contentfilter/
   creating: BOOT-INF/classes/com/vmware/blackstone/contentfilter/service/
   creating: BOOT-INF/classes/com/vmware/blackstone/contentfilter/repository/
   creating: BOOT-INF/classes/com/vmware/blackstone/deploymentstate/
   creating: BOOT-INF/classes/com/vmware/blackstone/deploymentstate/repository/
   creating: BOOT-INF/classes/com/vmware/blackstone/deploymentstate/service/
   creating: BOOT-INF/classes/com/vmware/blackstone/request/
   creating: BOOT-INF/classes/com/vmware/blackstone/request/service/
   creating: BOOT-INF/classes/com/vmware/blackstone/request/repository/
   creating: BOOT-INF/classes/com/vmware/blackstone/controllers/
   creating: BOOT-INF/classes/com/vmware/blackstone/converter/
   creating: BOOT-INF/classes/com/vmware/blackstone/enums/
   creating: BOOT-INF/classes/com/vmware/blackstone/globalconfiguration/
   creating: BOOT-INF/classes/com/vmware/blackstone/globalconfiguration/service/
   creating: BOOT-INF/classes/com/vmware/blackstone/globalconfiguration/repository/
   creating: BOOT-INF/classes/com/vmware/blackstone/houdini/
   creating: BOOT-INF/classes/com/vmware/blackstone/houdini/common/
   creating: BOOT-INF/classes/com/vmware/blackstone/multicontent/
   creating: BOOT-INF/classes/com/vmware/blackstone/multicontent/service/
   creating: BOOT-INF/classes/com/vmware/blackstone/content/
   creating: BOOT-INF/classes/com/vmware/blackstone/content/service/
   creating: BOOT-INF/classes/com/vmware/blackstone/content/repository/
   creating: BOOT-INF/classes/com/vmware/blackstone/vrops/
   creating: BOOT-INF/classes/com/vmware/blackstone/vrops/models/
   creating: BOOT-INF/classes/com/vmware/blackstone/tagging/
   creating: BOOT-INF/classes/com/vmware/blackstone/tagging/service/
   creating: BOOT-INF/classes/com/vmware/blackstone/tagging/repository/
   creating: BOOT-INF/classes/com/vmware/blackstone/list/
   creating: BOOT-INF/classes/com/vmware/blackstone/list/service/
   creating: BOOT-INF/classes/com/vmware/blackstone/list/repository/
   creating: BOOT-INF/classes/com/vmware/blackstone/multicapture/
   creating: BOOT-INF/classes/com/vmware/blackstone/multicapture/service/
   creating: BOOT-INF/classes/com/vmware/blackstone/contenttype/
   creating: BOOT-INF/classes/com/vmware/blackstone/contenttype/service/
   creating: BOOT-INF/classes/com/vmware/blackstone/contenttype/repository/
   creating: BOOT-INF/classes/com/vmware/blackstone/contentcategory/
   creating: BOOT-INF/classes/com/vmware/blackstone/contentcategory/service/
   creating: BOOT-INF/classes/com/vmware/blackstone/contentcategory/repository/
   creating: BOOT-INF/classes/com/vmware/blackstone/importartifact/
   creating: BOOT-INF/classes/com/vmware/blackstone/importartifact/service/
   creating: BOOT-INF/classes/com/vmware/blackstone/contentencryption/
   creating: BOOT-INF/classes/com/vmware/blackstone/contentencryption/service/
   creating: BOOT-INF/classes/com/vmware/blackstone/dependencyartifact/
   creating: BOOT-INF/classes/com/vmware/blackstone/dependencyartifact/service/
   creating: BOOT-INF/classes/com/vmware/blackstone/sourcecontrolusertoken/
   creating: BOOT-INF/classes/com/vmware/blackstone/sourcecontrolusertoken/service/
   creating: BOOT-INF/classes/com/vmware/blackstone/sourcecontrolusertoken/repository/
   creating: BOOT-INF/classes/com/vmware/blackstone/multideploy/
   creating: BOOT-INF/classes/com/vmware/blackstone/multideploy/service/
   creating: BOOT-INF/classes/com/vmware/blackstone/pipelinerequest/
   creating: BOOT-INF/classes/com/vmware/blackstone/pipelinerequest/service/
   creating: BOOT-INF/classes/com/vmware/blackstone/enginerequest/
   creating: BOOT-INF/classes/com/vmware/blackstone/enginerequest/service/
   creating: BOOT-INF/classes/com/vmware/blackstone/prepostpipeline/
   creating: BOOT-INF/classes/com/vmware/blackstone/prepostpipeline/service/
   creating: BOOT-INF/classes/com/vmware/blackstone/vrlcmendpointsync/
   creating: BOOT-INF/classes/com/vmware/blackstone/vrlcmendpointsync/service/
   creating: BOOT-INF/classes/com/vmware/blackstone/auth/
   creating: BOOT-INF/classes/com/vmware/blackstone/auth/service/
   creating: BOOT-INF/classes/com/vmware/blackstone/auth/aspect/
   creating: BOOT-INF/classes/com/vmware/blackstone/endpointserver/
   creating: BOOT-INF/classes/com/vmware/blackstone/endpointserver/service/
   creating: BOOT-INF/classes/com/vmware/blackstone/endpointserver/repository/
   creating: BOOT-INF/classes/com/vmware/blackstone/migration/
   creating: BOOT-INF/classes/com/vmware/blackstone/bootstrap/
   creating: BOOT-INF/classes/com/vmware/blackstone/bootstrap/service/
   creating: BOOT-INF/classes/com/vmware/blackstone/schedulers/
   creating: BOOT-INF/classes/com/vmware/blackstone/api/
   creating: BOOT-INF/classes/com/vmware/blackstone/api/constants/
  inflating: BOOT-INF/classes/application.yml  
  inflating: BOOT-INF/classes/bootstrap/configuration/content-config/bootstrap_content_category_config.json  
  inflating: BOOT-INF/classes/bootstrap/configuration/content-config/bootstrap_content_type_config.json  
  inflating: BOOT-INF/classes/bootstrap/configuration/content-config/bootstrap_global_config.json  
  inflating: BOOT-INF/classes/bootstrap/configuration/pipeline-config/bootstrap_pipelines.json  
  inflating: BOOT-INF/classes/bundle-zip.xml  
  inflating: BOOT-INF/classes/log4j2.xml  
  inflating: BOOT-INF/classes/ssl-server.jks  
  inflating: BOOT-INF/classes/vipconfig.properties  
  inflating: META-INF/spring-configuration-metadata.json  
  inflating: BOOT-INF/classes/com/vmware/blackstone/pipeline/service/PipelineService.class  
  inflating: BOOT-INF/classes/com/vmware/blackstone/pipeline/service/PipelineServiceImpl$1.class  
  inflating: BOOT-INF/classes/com/vmware/blackstone/pipeline/service/PipelineServiceImpl.class  
  inflating: BOOT-INF/classes/com/vmware/blackstone/pipeline/repository/PipelineExecutionRepository.class  
  inflating: BOOT-INF/classes/com/vmware/blackstone/pipeline/repository/PipelineRepository.class  
  inflating: BOOT-INF/classes/com/vmware/blackstone/specifications/SpecAndPageBuilder$Builder.class  
  inflating: BOOT-INF/classes/com/vmware/blackstone/specifications/SpecAndPageBuilder.class  
  inflating: BOOT-INF/classes/com/vmware/blackstone/specifications/BaseSpecification.class  
  inflating: BOOT-INF/classes/com/vmware/blackstone/service/vRO/VroAbstractService.class  
  inflating: BOOT-INF/classes/com/vmware/blackstone/service/vRO/VroConstants.class  
  inflating: BOOT-INF/classes/com/vmware/blackstone/service/vRO/VroAsyncWorkflowExecutor.class  
  inflating: BOOT-INF/classes/com/vmware/blackstone/service/vRO/repository/VroWorkflowRepository.class  
  inflating: BOOT-INF/classes/com/vmware/blackstone/service/vRO/VroWorkflowService.class  
  inflating: BOOT-INF/classes/com/vmware/blackstone/service/vRO/VroConfigurationServiceImpl.class  
  inflating: BOOT-INF/classes/com/vmware/blackstone/service/vRO/VroActionServiceImpl.class  
  inflating: BOOT-INF/classes/com/vmware/blackstone/service/vRO/VroExecutorServiceImpl.class  
  inflating: BOOT-INF/classes/com/vmware/blackstone/service/vRO/VroWorkflowServiceImplementaion.class  
  inflating: BOOT-INF/classes/com/vmware/blackstone/service/vRO/VroRestHostServiceImpl.class  
  inflating: BOOT-INF/classes/com/vmware/blackstone/service/vRO/VroWorkflowServiceImpl.class  
  inflating: BOOT-INF/classes/com/vmware/blackstone/service/vRO/VroPackageServiceImpl.class  
  inflating: BOOT-INF/classes/com/vmware/blackstone/service/vRO/VroRestOperationServiceImpl.class  
  inflating: BOOT-INF/classes/com/vmware/blackstone/service/vRA/VraResourceTypeImpl.class  
  inflating: BOOT-INF/classes/com/vmware/blackstone/service/vRA/VraAbstractService.class  
  inflating: BOOT-INF/classes/com/vmware/blackstone/service/vRA/VraCustomFormImpl.class  
  inflating: BOOT-INF/classes/com/vmware/blackstone/service/vRA/VraCompositeBlueprintImpl.class  
  inflating: BOOT-INF/classes/com/vmware/blackstone/service/vRA/VraResourceActionImpl.class  
  inflating: BOOT-INF/classes/com/vmware/blackstone/service/vRA/VraXaasBlueprintImpl.class  
  inflating: BOOT-INF/classes/com/vmware/blackstone/service/vRA/VraPropertyGroupImpl.class  
  inflating: BOOT-INF/classes/com/vmware/blackstone/service/vRA/VraSoftwareImpl.class  
  inflating: BOOT-INF/classes/com/vmware/blackstone/service/vRA/VraResourceMapImpl.class  
  inflating: BOOT-INF/classes/com/vmware/blackstone/service/vRA/VraCloudTemplate.class  
  inflating: BOOT-INF/classes/com/vmware/blackstone/service/vRA/VraSubscriptionImpl.class  
  inflating: BOOT-INF/classes/com/vmware/blackstone/service/vRA/VraPolicyDefinition.class  
  inflating: BOOT-INF/classes/com/vmware/blackstone/service/vRA/VraAbxActionServiceImpl.class  
  inflating: BOOT-INF/classes/com/vmware/blackstone/service/vRA/VraExecutorServiceImpl.class  
  inflating: BOOT-INF/classes/com/vmware/blackstone/service/vRA/VraComponentProfileImpl.class  
  inflating: BOOT-INF/classes/com/vmware/blackstone/service/vRA/VraPropertyDefinitionImpl.class  
  inflating: BOOT-INF/classes/com/vmware/blackstone/service/vRA/VraCustomResourceImpl.class  
  inflating: BOOT-INF/classes/com/vmware/blackstone/service/vRA/VraConstants.class  
  inflating: BOOT-INF/classes/com/vmware/blackstone/services/ContentTypeActions.class  
  inflating: BOOT-INF/classes/com/vmware/blackstone/services/vROps/VROpsAlertServiceImpl.class  
  inflating: BOOT-INF/classes/com/vmware/blackstone/services/vROps/VROpsAbstractService.class  
  inflating: BOOT-INF/classes/com/vmware/blackstone/services/vROps/VROpsConstants.class  
  inflating: BOOT-INF/classes/com/vmware/blackstone/services/vROps/testconnection/service/VROpsTestConnectionServiceImpl.class  
  inflating: BOOT-INF/classes/com/vmware/blackstone/services/vROps/VROPsViewServiceImpl.class  
  inflating: BOOT-INF/classes/com/vmware/blackstone/services/vROps/VROpsExecutorServiceImpl.class  
  inflating: BOOT-INF/classes/com/vmware/blackstone/services/vROps/VROpsDashboardServiceImpl.class  
  inflating: BOOT-INF/classes/com/vmware/blackstone/services/vROps/VROpsResourceKindMetricConfigServiceImpl.class  
  inflating: BOOT-INF/classes/com/vmware/blackstone/services/vROps/VROpsSymptomServiceImpl.class  
  inflating: BOOT-INF/classes/com/vmware/blackstone/services/vROps/VROpsSuperMetricServiceImpl.class  
  inflating: BOOT-INF/classes/com/vmware/blackstone/services/vROps/VROpsTopoWidgetConfigServiceImpl.class  
  inflating: BOOT-INF/classes/com/vmware/blackstone/services/vROps/VROpsReportServiceImpl.class  
  inflating: BOOT-INF/classes/com/vmware/blackstone/services/vROps/VROpsTextWidgetContentServiceImpl.class  
  inflating: BOOT-INF/classes/com/vmware/blackstone/services/ContentManagementProvider.class  
  inflating: BOOT-INF/classes/com/vmware/blackstone/services/vsphere/VSphereCustomSpecServiceImpl.class  
  inflating: BOOT-INF/classes/com/vmware/blackstone/services/vsphere/VSphereConstants.class  
  inflating: BOOT-INF/classes/com/vmware/blackstone/services/vsphere/VSphereAbstractService.class  
  inflating: BOOT-INF/classes/com/vmware/blackstone/services/vsphere/VSphereExecutorServiceImpl.class  
  inflating: BOOT-INF/classes/com/vmware/blackstone/services/vsphere/VSphereTemplateServiceImpl.class  
  inflating: BOOT-INF/classes/com/vmware/blackstone/services/sourcecontrol/SourceControlExecutorService$1.class  
  inflating: BOOT-INF/classes/com/vmware/blackstone/services/sourcecontrol/SourceControlExecutorService.class  
  inflating: BOOT-INF/classes/com/vmware/blackstone/services/sourcecontrol/SourceControlContentManagementProvider.class  
  inflating: BOOT-INF/classes/com/vmware/blackstone/services/EndpointActionService.class  
  inflating: BOOT-INF/classes/com/vmware/blackstone/services/VSphereService.class  
  inflating: BOOT-INF/classes/com/vmware/blackstone/services/RPTestService.class  
  inflating: BOOT-INF/classes/com/vmware/blackstone/services/VROpsRestService.class  
  inflating: BOOT-INF/classes/com/vmware/blackstone/services/RPDeployService.class  
  inflating: BOOT-INF/classes/com/vmware/blackstone/services/implementations/VSphereServiceImpl.class  
  inflating: BOOT-INF/classes/com/vmware/blackstone/services/implementations/RPTestServiceImpl.class  
  inflating: BOOT-INF/classes/com/vmware/blackstone/services/implementations/VROpsRestServiceImpl.class  
  inflating: BOOT-INF/classes/com/vmware/blackstone/services/implementations/RPDeployGetArtifactsImpl.class  
  inflating: BOOT-INF/classes/com/vmware/blackstone/external/common/VraVroHelper.class  
  inflating: BOOT-INF/classes/com/vmware/blackstone/external/common/VROPSHelper.class  
  inflating: BOOT-INF/classes/com/vmware/blackstone/external/common/VSphereHelper.class  
  inflating: BOOT-INF/classes/com/vmware/blackstone/external/common/XMLFileParsers.class  
  inflating: BOOT-INF/classes/com/vmware/blackstone/common/EndpointUtils.class  
  inflating: BOOT-INF/classes/com/vmware/blackstone/common/EncryptionDecrytionUtils.class  
  inflating: BOOT-INF/classes/com/vmware/blackstone/common/ContentManagementProviderFactory.class  
  inflating: BOOT-INF/classes/com/vmware/blackstone/common/ContentRepoUtils.class  
  inflating: BOOT-INF/classes/com/vmware/blackstone/common/GlobalConfigurationUtils$1.class  
  inflating: BOOT-INF/classes/com/vmware/blackstone/common/GlobalConfigurationUtils$2.class  
  inflating: BOOT-INF/classes/com/vmware/blackstone/common/GlobalConfigurationUtils.class  
  inflating: BOOT-INF/classes/com/vmware/blackstone/common/ContentTypeServiceFactory.class  
  inflating: BOOT-INF/classes/com/vmware/blackstone/common/ProxyHelper.class  
  inflating: BOOT-INF/classes/com/vmware/blackstone/common/AuthHelper.class  
  inflating: BOOT-INF/classes/com/vmware/blackstone/common/CommonUtils.class  
  inflating: BOOT-INF/classes/com/vmware/blackstone/endpoint/service/EndpointService.class  
  inflating: BOOT-INF/classes/com/vmware/blackstone/endpoint/service/AsyncEndpointTestConnection.class  
  inflating: BOOT-INF/classes/com/vmware/blackstone/endpoint/service/EndpointTestConnectionService.class  
  inflating: BOOT-INF/classes/com/vmware/blackstone/endpoint/service/EndpointServiceImpl.class  
  inflating: BOOT-INF/classes/com/vmware/blackstone/endpoint/repository/EndpointRepository.class  
  inflating: BOOT-INF/classes/com/vmware/blackstone/testconnection/common/service/TestService.class  
  inflating: BOOT-INF/classes/com/vmware/blackstone/testconnection/common/service/TestConnectionService.class  
  inflating: BOOT-INF/classes/com/vmware/blackstone/testconnection/common/service/TestConnectionServiceCommonFactory.class  
  inflating: BOOT-INF/classes/com/vmware/blackstone/activitylog/service/ActivityLogService.class  
  inflating: BOOT-INF/classes/com/vmware/blackstone/activitylog/service/ActivityLogServiceImpl.class  
  inflating: BOOT-INF/classes/com/vmware/blackstone/activitylog/repository/ActivityLogRepository.class  
  inflating: BOOT-INF/classes/com/vmware/blackstone/contentfilter/service/ContentFilterService.class  
  inflating: BOOT-INF/classes/com/vmware/blackstone/contentfilter/service/ContentFilterServiceImpl.class  
  inflating: BOOT-INF/classes/com/vmware/blackstone/contentfilter/repository/ContentFilterRepository.class  
  inflating: BOOT-INF/classes/com/vmware/blackstone/deploymentstate/repository/DeploymentStateRepository.class  
  inflating: BOOT-INF/classes/com/vmware/blackstone/deploymentstate/service/DeploymentStateServiceImpl.class  
  inflating: BOOT-INF/classes/com/vmware/blackstone/deploymentstate/service/DeploymentStateService.class  
  inflating: BOOT-INF/classes/com/vmware/blackstone/request/service/RequestService.class  
  inflating: BOOT-INF/classes/com/vmware/blackstone/request/service/RequestServiceImpl.class  
  inflating: BOOT-INF/classes/com/vmware/blackstone/request/repository/RequestRepository.class  
  inflating: BOOT-INF/classes/com/vmware/blackstone/WebSecurityConfig.class  
  inflating: BOOT-INF/classes/com/vmware/blackstone/controllers/RequestController.class  
  inflating: BOOT-INF/classes/com/vmware/blackstone/controllers/MultiContentController.class  
  inflating: BOOT-INF/classes/com/vmware/blackstone/controllers/ContentTypeController.class  
  inflating: BOOT-INF/classes/com/vmware/blackstone/controllers/EndpointController.class  
  inflating: BOOT-INF/classes/com/vmware/blackstone/controllers/DependencyArtifactController.class  
  inflating: BOOT-INF/classes/com/vmware/blackstone/controllers/MultiDeployController.class  
  inflating: BOOT-INF/classes/com/vmware/blackstone/controllers/ListController.class  
  inflating: BOOT-INF/classes/com/vmware/blackstone/controllers/SourceControlEndpointUserTokenController.class  
  inflating: BOOT-INF/classes/com/vmware/blackstone/controllers/MultiCaptureController.class  
  inflating: BOOT-INF/classes/com/vmware/blackstone/controllers/TaggingController.class  
  inflating: BOOT-INF/classes/com/vmware/blackstone/controllers/VroWorkFlowController.class  
  inflating: BOOT-INF/classes/com/vmware/blackstone/controllers/VSphereRestController.class  
  inflating: BOOT-INF/classes/com/vmware/blackstone/controllers/UserController.class  
  inflating: BOOT-INF/classes/com/vmware/blackstone/controllers/MigrationController.class  
  inflating: BOOT-INF/classes/com/vmware/blackstone/controllers/ProxyController.class  
  inflating: BOOT-INF/classes/com/vmware/blackstone/controllers/ActivityLogController.class  
  inflating: BOOT-INF/classes/com/vmware/blackstone/controllers/LcmInventoryController.class  
  inflating: BOOT-INF/classes/com/vmware/blackstone/controllers/ContentFilterController.class  
  inflating: BOOT-INF/classes/com/vmware/blackstone/controllers/EndpointServerController.class  
  inflating: BOOT-INF/classes/com/vmware/blackstone/controllers/ContentCategoryController.class  
  inflating: BOOT-INF/classes/com/vmware/blackstone/controllers/ContentController.class  
  inflating: BOOT-INF/classes/com/vmware/blackstone/controllers/GlobalConfigController.class  
  inflating: BOOT-INF/classes/com/vmware/blackstone/controllers/EndpointTestController.class  
  inflating: BOOT-INF/classes/com/vmware/blackstone/controllers/PipelineController.class  
  inflating: BOOT-INF/classes/com/vmware/blackstone/controllers/PipelineController$AjcClosure7.class  
  inflating: BOOT-INF/classes/com/vmware/blackstone/controllers/PipelineController$AjcClosure1.class  
  inflating: BOOT-INF/classes/com/vmware/blackstone/controllers/PipelineController$AjcClosure5.class  
  inflating: BOOT-INF/classes/com/vmware/blackstone/controllers/PipelineController$AjcClosure3.class  
  inflating: BOOT-INF/classes/com/vmware/blackstone/controllers/TaggingController$AjcClosure7.class  
  inflating: BOOT-INF/classes/com/vmware/blackstone/controllers/TaggingController$AjcClosure9.class  
  inflating: BOOT-INF/classes/com/vmware/blackstone/controllers/TaggingController$AjcClosure5.class  
  inflating: BOOT-INF/classes/com/vmware/blackstone/controllers/TaggingController$AjcClosure1.class  
  inflating: BOOT-INF/classes/com/vmware/blackstone/controllers/TaggingController$AjcClosure3.class  
  inflating: BOOT-INF/classes/com/vmware/blackstone/controllers/GlobalConfigController$AjcClosure3.class  
  inflating: BOOT-INF/classes/com/vmware/blackstone/controllers/GlobalConfigController$AjcClosure1.class  
  inflating: BOOT-INF/classes/com/vmware/blackstone/controllers/ContentController$AjcClosure15.class  
  inflating: BOOT-INF/classes/com/vmware/blackstone/controllers/ContentController$AjcClosure23.class  
  inflating: BOOT-INF/classes/com/vmware/blackstone/controllers/ContentController$AjcClosure17.class  
  inflating: BOOT-INF/classes/com/vmware/blackstone/controllers/ContentController$AjcClosure3.class  
  inflating: BOOT-INF/classes/com/vmware/blackstone/controllers/ContentController$AjcClosure1.class  
  inflating: BOOT-INF/classes/com/vmware/blackstone/controllers/ContentController$AjcClosure21.class  
  inflating: BOOT-INF/classes/com/vmware/blackstone/controllers/ContentController$AjcClosure13.class  
  inflating: BOOT-INF/classes/com/vmware/blackstone/controllers/ContentController$AjcClosure7.class  
  inflating: BOOT-INF/classes/com/vmware/blackstone/controllers/ContentController$AjcClosure9.class  
  inflating: BOOT-INF/classes/com/vmware/blackstone/controllers/ContentController$AjcClosure11.class  
  inflating: BOOT-INF/classes/com/vmware/blackstone/controllers/ContentController$AjcClosure25.class  
  inflating: BOOT-INF/classes/com/vmware/blackstone/controllers/ContentController$AjcClosure5.class  
  inflating: BOOT-INF/classes/com/vmware/blackstone/controllers/ContentController$AjcClosure27.class  
  inflating: BOOT-INF/classes/com/vmware/blackstone/controllers/ContentController$AjcClosure19.class  
  inflating: BOOT-INF/classes/com/vmware/blackstone/controllers/ProxyController$AjcClosure1.class  
  inflating: BOOT-INF/classes/com/vmware/blackstone/controllers/ContentTypeController$AjcClosure1.class  
  inflating: BOOT-INF/classes/com/vmware/blackstone/controllers/ContentTypeController$AjcClosure3.class  
  inflating: BOOT-INF/classes/com/vmware/blackstone/controllers/UserController$AjcClosure1.class  
  inflating: BOOT-INF/classes/com/vmware/blackstone/controllers/LcmInventoryController$AjcClosure3.class  
  inflating: BOOT-INF/classes/com/vmware/blackstone/controllers/LcmInventoryController$AjcClosure1.class  
  inflating: BOOT-INF/classes/com/vmware/blackstone/controllers/EndpointController$AjcClosure11.class  
  inflating: BOOT-INF/classes/com/vmware/blackstone/controllers/EndpointController$AjcClosure1.class  
  inflating: BOOT-INF/classes/com/vmware/blackstone/controllers/EndpointController$AjcClosure5.class  
  inflating: BOOT-INF/classes/com/vmware/blackstone/controllers/EndpointController$AjcClosure9.class  
  inflating: BOOT-INF/classes/com/vmware/blackstone/controllers/EndpointController$AjcClosure7.class  
  inflating: BOOT-INF/classes/com/vmware/blackstone/controllers/EndpointController$AjcClosure3.class  
  inflating: BOOT-INF/classes/com/vmware/blackstone/controllers/MultiContentController$AjcClosure1.class  
  inflating: BOOT-INF/classes/com/vmware/blackstone/controllers/MultiContentController$AjcClosure3.class  
  inflating: BOOT-INF/classes/com/vmware/blackstone/controllers/ActivityLogController$AjcClosure3.class  
  inflating: BOOT-INF/classes/com/vmware/blackstone/controllers/ActivityLogController$AjcClosure1.class  
  inflating: BOOT-INF/classes/com/vmware/blackstone/controllers/RequestController$AjcClosure3.class  
  inflating: BOOT-INF/classes/com/vmware/blackstone/controllers/RequestController$AjcClosure1.class  
  inflating: BOOT-INF/classes/com/vmware/blackstone/controllers/ListController$AjcClosure1.class  
  inflating: BOOT-INF/classes/com/vmware/blackstone/controllers/ListController$AjcClosure3.class  
  inflating: BOOT-INF/classes/com/vmware/blackstone/controllers/EndpointServerController$AjcClosure1.class  
  inflating: BOOT-INF/classes/com/vmware/blackstone/controllers/EndpointServerController$AjcClosure3.class  
  inflating: BOOT-INF/classes/com/vmware/blackstone/controllers/DependencyArtifactController$AjcClosure1.class  
  inflating: BOOT-INF/classes/com/vmware/blackstone/controllers/DependencyArtifactController$AjcClosure3.class  
  inflating: BOOT-INF/classes/com/vmware/blackstone/controllers/ContentFilterController$AjcClosure7.class  
  inflating: BOOT-INF/classes/com/vmware/blackstone/controllers/ContentFilterController$AjcClosure9.class  
  inflating: BOOT-INF/classes/com/vmware/blackstone/controllers/ContentFilterController$AjcClosure5.class  
  inflating: BOOT-INF/classes/com/vmware/blackstone/controllers/ContentFilterController$AjcClosure1.class  
  inflating: BOOT-INF/classes/com/vmware/blackstone/controllers/ContentFilterController$AjcClosure3.class  
  inflating: BOOT-INF/classes/com/vmware/blackstone/controllers/SourceControlEndpointUserTokenController$AjcClosure1.class  
  inflating: BOOT-INF/classes/com/vmware/blackstone/controllers/SourceControlEndpointUserTokenController$AjcClosure9.class  
  inflating: BOOT-INF/classes/com/vmware/blackstone/controllers/SourceControlEndpointUserTokenController$AjcClosure5.class  
  inflating: BOOT-INF/classes/com/vmware/blackstone/controllers/SourceControlEndpointUserTokenController$AjcClosure3.class  
  inflating: BOOT-INF/classes/com/vmware/blackstone/controllers/SourceControlEndpointUserTokenController$AjcClosure7.class  
  inflating: BOOT-INF/classes/com/vmware/blackstone/controllers/EndpointTestController$AjcClosure1.class  
  inflating: BOOT-INF/classes/com/vmware/blackstone/controllers/VSphereRestController$AjcClosure11.class  
  inflating: BOOT-INF/classes/com/vmware/blackstone/controllers/VSphereRestController$AjcClosure1.class  
  inflating: BOOT-INF/classes/com/vmware/blackstone/controllers/VSphereRestController$AjcClosure9.class  
  inflating: BOOT-INF/classes/com/vmware/blackstone/controllers/VSphereRestController$AjcClosure7.class  
  inflating: BOOT-INF/classes/com/vmware/blackstone/controllers/VSphereRestController$AjcClosure3.class  
  inflating: BOOT-INF/classes/com/vmware/blackstone/controllers/VSphereRestController$AjcClosure5.class  
  inflating: BOOT-INF/classes/com/vmware/blackstone/controllers/ContentCategoryController$AjcClosure1.class  
  inflating: BOOT-INF/classes/com/vmware/blackstone/controllers/ContentCategoryController$AjcClosure3.class  
  inflating: BOOT-INF/classes/com/vmware/blackstone/converter/RequestConverter.class  
  inflating: BOOT-INF/classes/com/vmware/blackstone/converter/Converter.class  
  inflating: BOOT-INF/classes/com/vmware/blackstone/converter/ContentFilterDataConverter.class  
  inflating: BOOT-INF/classes/com/vmware/blackstone/converter/DependencyArtifactDataConverter.class  
  inflating: BOOT-INF/classes/com/vmware/blackstone/converter/CaptureContentConverter.class  
  inflating: BOOT-INF/classes/com/vmware/blackstone/converter/ValidateModelConverter.class  
  inflating: BOOT-INF/classes/com/vmware/blackstone/converter/EndpointConverter.class  
  inflating: BOOT-INF/classes/com/vmware/blackstone/converter/CacheContentConverter.class  
  inflating: BOOT-INF/classes/com/vmware/blackstone/converter/ContentVersionConverter$1.class  
  inflating: BOOT-INF/classes/com/vmware/blackstone/converter/ContentVersionConverter$2.class  
  inflating: BOOT-INF/classes/com/vmware/blackstone/converter/ContentVersionConverter.class  
  inflating: BOOT-INF/classes/com/vmware/blackstone/converter/MigrationEndpointConverter.class  
  inflating: BOOT-INF/classes/com/vmware/blackstone/converter/PageConverter.class  
  inflating: BOOT-INF/classes/com/vmware/blackstone/converter/PipelineConverter$1.class  
  inflating: BOOT-INF/classes/com/vmware/blackstone/converter/PipelineConverter.class  
  inflating: BOOT-INF/classes/com/vmware/blackstone/enums/ContentPipelineStage.class  
  inflating: BOOT-INF/classes/com/vmware/blackstone/enums/LibrarySyncStatus.class  
  inflating: BOOT-INF/classes/com/vmware/blackstone/globalconfiguration/service/GlobalConfigurationService.class  
  inflating: BOOT-INF/classes/com/vmware/blackstone/globalconfiguration/service/GlobalConfigurationServiceImpl.class  
  inflating: BOOT-INF/classes/com/vmware/blackstone/globalconfiguration/repository/GlobalConfigurationRepository.class  
  inflating: BOOT-INF/classes/com/vmware/blackstone/houdini/common/Python.class  
  inflating: BOOT-INF/classes/com/vmware/blackstone/houdini/common/HttpResult.class  
  inflating: BOOT-INF/classes/com/vmware/blackstone/houdini/common/PatternMatcher.class  
  inflating: BOOT-INF/classes/com/vmware/blackstone/houdini/common/TestConnection.class  
  inflating: BOOT-INF/classes/com/vmware/blackstone/houdini/common/CustomNameIdComparator.class  
  inflating: BOOT-INF/classes/com/vmware/blackstone/houdini/common/HttpThread.class  
  inflating: BOOT-INF/classes/com/vmware/blackstone/multicontent/service/MultiContentService.class  
  inflating: BOOT-INF/classes/com/vmware/blackstone/multicontent/service/MultiContentServiceImpl.class  
  inflating: BOOT-INF/classes/com/vmware/blackstone/content/service/ContentService.class  
  inflating: BOOT-INF/classes/com/vmware/blackstone/content/service/ArtifactServiceImpl.class  
  inflating: BOOT-INF/classes/com/vmware/blackstone/content/service/ArtifactService.class  
  inflating: BOOT-INF/classes/com/vmware/blackstone/content/service/ContentServiceImpl$1.class  
  inflating: BOOT-INF/classes/com/vmware/blackstone/content/service/ContentServiceImpl$2.class  
  inflating: BOOT-INF/classes/com/vmware/blackstone/content/service/ContentServiceImpl.class  
  inflating: BOOT-INF/classes/com/vmware/blackstone/content/repository/ArtifactRepository.class  
  inflating: BOOT-INF/classes/com/vmware/blackstone/content/repository/ContentRepository.class  
  inflating: BOOT-INF/classes/com/vmware/blackstone/content/repository/ContentVersionRepository.class  
  inflating: BOOT-INF/classes/com/vmware/blackstone/vrops/models/VropsCredentials.class  
  inflating: BOOT-INF/classes/com/vmware/blackstone/vrops/models/TokenResponse.class  
  inflating: BOOT-INF/classes/com/vmware/blackstone/tagging/service/TaggingService.class  
  inflating: BOOT-INF/classes/com/vmware/blackstone/tagging/service/TaggingServiceImpl.class  
  inflating: BOOT-INF/classes/com/vmware/blackstone/tagging/repository/TaggingRepository.class  
  inflating: BOOT-INF/classes/com/vmware/blackstone/PropertiesConfig.class  
  inflating: BOOT-INF/classes/com/vmware/blackstone/list/service/AsyncListContent.class  
  inflating: BOOT-INF/classes/com/vmware/blackstone/list/service/ContentCacheService.class  
  inflating: BOOT-INF/classes/com/vmware/blackstone/list/service/ContentListService.class  
  inflating: BOOT-INF/classes/com/vmware/blackstone/list/service/ContentCacheServiceImpl.class  
  inflating: BOOT-INF/classes/com/vmware/blackstone/list/service/ContentListServiceImpl.class  
  inflating: BOOT-INF/classes/com/vmware/blackstone/list/repository/ListRepository.class  
  inflating: BOOT-INF/classes/com/vmware/blackstone/multicapture/service/MultiCaptureService.class  
  inflating: BOOT-INF/classes/com/vmware/blackstone/multicapture/service/MultiCaptureServiceImpl.class  
  inflating: BOOT-INF/classes/com/vmware/blackstone/multicapture/service/AsyncCaptureStageExecutor$1.class  
  inflating: BOOT-INF/classes/com/vmware/blackstone/multicapture/service/AsyncCaptureStageExecutor$2.class  
  inflating: BOOT-INF/classes/com/vmware/blackstone/multicapture/service/AsyncCaptureStageExecutor.class  
  inflating: BOOT-INF/classes/com/vmware/blackstone/contenttype/service/ContentTypeService.class  
  inflating: BOOT-INF/classes/com/vmware/blackstone/contenttype/service/ContentTypeServiceImpl.class  
  inflating: BOOT-INF/classes/com/vmware/blackstone/contenttype/repository/ContentTypeRepository.class  
  inflating: BOOT-INF/classes/com/vmware/blackstone/contentcategory/service/ContentCategoryServiceImpl.class  
  inflating: BOOT-INF/classes/com/vmware/blackstone/contentcategory/service/ContentCategoryService.class  
  inflating: BOOT-INF/classes/com/vmware/blackstone/contentcategory/repository/ContentCategoryRepository.class  
  inflating: BOOT-INF/classes/com/vmware/blackstone/importartifact/service/ImportArtifactService.class  
  inflating: BOOT-INF/classes/com/vmware/blackstone/importartifact/service/ImportArtifactServiceImpl$1.class  
  inflating: BOOT-INF/classes/com/vmware/blackstone/importartifact/service/ImportArtifactServiceImpl$2.class  
  inflating: BOOT-INF/classes/com/vmware/blackstone/importartifact/service/ImportArtifactServiceImpl.class  
  inflating: BOOT-INF/classes/com/vmware/blackstone/contentencryption/service/ContentEncryptionService.class  
  inflating: BOOT-INF/classes/com/vmware/blackstone/contentencryption/service/ContentEncrytionServiceImpl.class  
  inflating: BOOT-INF/classes/com/vmware/blackstone/dependencyartifact/service/DependencyArtifactService.class  
  inflating: BOOT-INF/classes/com/vmware/blackstone/dependencyartifact/service/DependancyArtifactServiceImpl$1.class  
  inflating: BOOT-INF/classes/com/vmware/blackstone/dependencyartifact/service/DependancyArtifactServiceImpl$2.class  
  inflating: BOOT-INF/classes/com/vmware/blackstone/dependencyartifact/service/DependancyArtifactServiceImpl$3.class  
  inflating: BOOT-INF/classes/com/vmware/blackstone/dependencyartifact/service/DependancyArtifactServiceImpl$4.class  
  inflating: BOOT-INF/classes/com/vmware/blackstone/dependencyartifact/service/DependancyArtifactServiceImpl.class  
  inflating: BOOT-INF/classes/com/vmware/blackstone/sourcecontrolusertoken/service/SourceControlEndpointUserTokenService.class  
  inflating: BOOT-INF/classes/com/vmware/blackstone/sourcecontrolusertoken/service/SourceControlEndpointUserTokenServiceImpl.class  
  inflating: BOOT-INF/classes/com/vmware/blackstone/sourcecontrolusertoken/repository/SourceControlEndpointUserTokenRepository.class  
  inflating: BOOT-INF/classes/com/vmware/blackstone/AsyncConfig$AsyncExceptionHandler.class  
  inflating: BOOT-INF/classes/com/vmware/blackstone/AsyncConfig.class  
  inflating: BOOT-INF/classes/com/vmware/blackstone/multideploy/service/MultiDeployServiceImpl.class  
  inflating: BOOT-INF/classes/com/vmware/blackstone/multideploy/service/MultiDeployService.class  
  inflating: BOOT-INF/classes/com/vmware/blackstone/multideploy/service/AsyncDeployStageExecutor$1.class  
  inflating: BOOT-INF/classes/com/vmware/blackstone/multideploy/service/AsyncDeployStageExecutor.class  
  inflating: BOOT-INF/classes/com/vmware/blackstone/multideploy/service/SyncTestStageExecutor$1.class  
  inflating: BOOT-INF/classes/com/vmware/blackstone/multideploy/service/SyncTestStageExecutor$2.class  
  inflating: BOOT-INF/classes/com/vmware/blackstone/multideploy/service/SyncTestStageExecutor.class  
  inflating: BOOT-INF/classes/com/vmware/blackstone/pipelinerequest/service/PipelineRequestTimeoutProcessor.class  
  inflating: BOOT-INF/classes/com/vmware/blackstone/pipelinerequest/service/PipelineRequestProcessor.class  
  inflating: BOOT-INF/classes/com/vmware/blackstone/pipelinerequest/service/PipelineRequestPostProcessor.class  
  inflating: BOOT-INF/classes/com/vmware/blackstone/enginerequest/service/EngineRequestService.class  
  inflating: BOOT-INF/classes/com/vmware/blackstone/enginerequest/service/EngineRequestServiceImpl$1.class  
  inflating: BOOT-INF/classes/com/vmware/blackstone/enginerequest/service/EngineRequestServiceImpl.class  
  inflating: BOOT-INF/classes/com/vmware/blackstone/BlackstoneExternalApplication$1.class  
  inflating: BOOT-INF/classes/com/vmware/blackstone/BlackstoneExternalApplication.class  
  inflating: BOOT-INF/classes/com/vmware/blackstone/prepostpipeline/service/PrePostPipelineServiceImpl.class  
  inflating: BOOT-INF/classes/com/vmware/blackstone/prepostpipeline/service/PrePostPipelineService.class  
  inflating: BOOT-INF/classes/com/vmware/blackstone/vrlcmendpointsync/service/VRLCMEndpointSyncService$1.class  
  inflating: BOOT-INF/classes/com/vmware/blackstone/vrlcmendpointsync/service/VRLCMEndpointSyncService.class  
  inflating: BOOT-INF/classes/com/vmware/blackstone/vrlcmendpointsync/service/VRLCMEndpointSyncServiceUtil.class  
  inflating: BOOT-INF/classes/com/vmware/blackstone/vrlcmendpointsync/service/LcmInventoryService.class  
  inflating: BOOT-INF/classes/com/vmware/blackstone/vrlcmendpointsync/service/LcmInventoryServiceImpl.class  
  inflating: BOOT-INF/classes/com/vmware/blackstone/BlackstoneProxySelector$1.class  
  inflating: BOOT-INF/classes/com/vmware/blackstone/BlackstoneProxySelector.class  
  inflating: BOOT-INF/classes/com/vmware/blackstone/BeanUtil.class  
  inflating: BOOT-INF/classes/com/vmware/blackstone/auth/service/UserService.class  
  inflating: BOOT-INF/classes/com/vmware/blackstone/auth/service/UserServiceImpl.class  
  inflating: BOOT-INF/classes/com/vmware/blackstone/auth/aspect/ContentRoles.class  
  inflating: BOOT-INF/classes/com/vmware/blackstone/auth/aspect/UserRolesAspect.class  
  inflating: BOOT-INF/classes/com/vmware/blackstone/auth/aspect/UserRoles.class  
  inflating: BOOT-INF/classes/com/vmware/blackstone/endpointserver/service/EndpointServerService.class  
  inflating: BOOT-INF/classes/com/vmware/blackstone/endpointserver/service/EndpointServerServiceImpl.class  
  inflating: BOOT-INF/classes/com/vmware/blackstone/endpointserver/repository/EndpointServerRepository.class  
  inflating: BOOT-INF/classes/com/vmware/blackstone/endpointserver/repository/EndpointServerRepositoryImpl.class  
  inflating: BOOT-INF/classes/com/vmware/blackstone/migration/ContentMigration.class  
  inflating: BOOT-INF/classes/com/vmware/blackstone/migration/EndpointAndPipelineMigration.class  
  inflating: BOOT-INF/classes/com/vmware/blackstone/migration/XenonToken.class  
  inflating: BOOT-INF/classes/com/vmware/blackstone/migration/EndpointMigrationService.class  
  inflating: BOOT-INF/classes/com/vmware/blackstone/AspectConfig.class  
  inflating: BOOT-INF/classes/com/vmware/blackstone/bootstrap/service/BootstrapServiceImpl.class  
  inflating: BOOT-INF/classes/com/vmware/blackstone/bootstrap/service/BootstrapService.class  
  inflating: BOOT-INF/classes/com/vmware/blackstone/bootstrap/service/HousekeepingOnRestart.class  
  inflating: BOOT-INF/classes/com/vmware/blackstone/schedulers/ListScheduler.class  
  inflating: BOOT-INF/classes/com/vmware/blackstone/schedulers/VroWorkflowStatusScheduler.class  
  inflating: BOOT-INF/classes/com/vmware/blackstone/schedulers/TestConnectionScheduler.class  
  inflating: BOOT-INF/classes/com/vmware/blackstone/CmsApi.class  
  inflating: BOOT-INF/classes/com/vmware/blackstone/api/constants/ApiUris.class  
  inflating: BOOT-INF/classes/com/vmware/blackstone/GlobalExceptionHandler$ExceptionResponse.class  
  inflating: BOOT-INF/classes/com/vmware/blackstone/GlobalExceptionHandler.class  
  inflating: BOOT-INF/classes/com/vmware/blackstone/ScheduleConfig.class  
  inflating: BOOT-INF/classes/com/vmware/blackstone/SwaggerConfiguration.class  
  inflating: BOOT-INF/classes/com/vmware/blackstone/BlackstoneConfiguration.class  
  inflating: BOOT-INF/classes/com/vmware/blackstone/RestTemplateConfig$1.class  
  inflating: BOOT-INF/classes/com/vmware/blackstone/RestTemplateConfig.class  
  inflating: BOOT-INF/classes/builddef.lst  
   creating: META-INF/maven/
   creating: META-INF/maven/vmware.blackstone/
   creating: META-INF/maven/vmware.blackstone/blackstone-external/
  inflating: META-INF/maven/vmware.blackstone/blackstone-external/pom.xml  
  inflating: META-INF/maven/vmware.blackstone/blackstone-external/pom.properties  
   creating: BOOT-INF/lib/
 extracting: BOOT-INF/lib/blackstone-common-8.6.0.jar  
 extracting: BOOT-INF/lib/assertj-core-3.11.1.jar  
 extracting: BOOT-INF/lib/json-lib-2.4-jdk15.jar  
 extracting: BOOT-INF/lib/ezmorph-1.0.6.jar  
 extracting: BOOT-INF/lib/swagger-annotations-1.5.18.jar  
 extracting: BOOT-INF/lib/swagger-core-1.5.18.jar  
 extracting: BOOT-INF/lib/validation-api-2.0.1.Final.jar  
 extracting: BOOT-INF/lib/swagger-jaxrs-1.5.18.jar  
 extracting: BOOT-INF/lib/jsr311-api-1.1.1.jar  
 extracting: BOOT-INF/lib/spring-boot-starter-data-jpa-2.1.16.RELEASE.jar  
 extracting: BOOT-INF/lib/spring-boot-starter-aop-2.1.16.RELEASE.jar  
 extracting: BOOT-INF/lib/spring-boot-starter-jdbc-2.1.16.RELEASE.jar  
 extracting: BOOT-INF/lib/HikariCP-3.2.0.jar  
 extracting: BOOT-INF/lib/spring-jdbc-5.1.17.RELEASE.jar  
 extracting: BOOT-INF/lib/javax.transaction-api-1.3.jar  
 extracting: BOOT-INF/lib/hibernate-core-5.3.17.Final.jar  
 extracting: BOOT-INF/lib/javax.persistence-api-2.2.jar  
 extracting: BOOT-INF/lib/antlr-2.7.7.jar  
 extracting: BOOT-INF/lib/jandex-2.0.5.Final.jar  
 extracting: BOOT-INF/lib/dom4j-2.1.3.jar  
 extracting: BOOT-INF/lib/hibernate-commons-annotations-5.0.4.Final.jar  
 extracting: BOOT-INF/lib/jaxb-runtime-2.3.1.jar  
 extracting: BOOT-INF/lib/txw2-2.3.1.jar  
 extracting: BOOT-INF/lib/istack-commons-runtime-3.0.7.jar  
 extracting: BOOT-INF/lib/stax-ex-1.8.jar  
 extracting: BOOT-INF/lib/FastInfoset-1.2.15.jar  
 extracting: BOOT-INF/lib/spring-data-jpa-2.1.19.RELEASE.jar  
 extracting: BOOT-INF/lib/spring-data-commons-2.1.19.RELEASE.jar  
 extracting: BOOT-INF/lib/spring-orm-5.1.17.RELEASE.jar  
 extracting: BOOT-INF/lib/spring-tx-5.1.17.RELEASE.jar  
 extracting: BOOT-INF/lib/spring-aspects-5.1.17.RELEASE.jar  
 extracting: BOOT-INF/lib/spring-web-5.1.17.RELEASE.jar  
 extracting: BOOT-INF/lib/spring-beans-5.1.17.RELEASE.jar  
 extracting: BOOT-INF/lib/javax.interceptor-api-1.2.jar  
 extracting: BOOT-INF/lib/httpmime-4.5.12.jar  
 extracting: BOOT-INF/lib/gson-2.8.6.jar  
 extracting: BOOT-INF/lib/commons-io-2.6.jar  
 extracting: BOOT-INF/lib/commons-collections-3.2.2.jar  
 extracting: BOOT-INF/lib/commons-beanutils-1.9.4.jar  
 extracting: BOOT-INF/lib/commons-logging-1.2.jar  
 extracting: BOOT-INF/lib/commons-httpclient-3.1.jar  
 extracting: BOOT-INF/lib/commons-codec-1.11.jar  
 extracting: BOOT-INF/lib/jsch-0.1.54.jar  
 extracting: BOOT-INF/lib/scm-services-8.6.0.jar  
 extracting: BOOT-INF/lib/spring-boot-starter-2.1.16.RELEASE.jar  
 extracting: BOOT-INF/lib/spring-boot-2.1.16.RELEASE.jar  
 extracting: BOOT-INF/lib/spring-boot-autoconfigure-2.1.16.RELEASE.jar  
 extracting: BOOT-INF/lib/spring-boot-starter-actuator-2.1.16.RELEASE.jar  
 extracting: BOOT-INF/lib/spring-boot-actuator-autoconfigure-2.1.16.RELEASE.jar  
 extracting: BOOT-INF/lib/spring-boot-actuator-2.1.16.RELEASE.jar  
 extracting: BOOT-INF/lib/micrometer-core-1.1.16.jar  
 extracting: BOOT-INF/lib/HdrHistogram-2.1.9.jar  
 extracting: BOOT-INF/lib/LatencyUtils-2.0.3.jar  
 extracting: BOOT-INF/lib/jackson-core-2.10.2.jar  
 extracting: BOOT-INF/lib/jackson-annotations-2.10.2.jar  
 extracting: BOOT-INF/lib/spring-retry-1.2.5.RELEASE.jar  
 extracting: BOOT-INF/lib/jackson-datatype-jsr310-2.10.2.jar  
 extracting: BOOT-INF/lib/httpclient-4.5.12.jar  
 extracting: BOOT-INF/lib/httpcore-4.4.13.jar  
 extracting: BOOT-INF/lib/commons-lang-2.6.jar  
 extracting: BOOT-INF/lib/byte-buddy-1.9.16.jar  
 extracting: BOOT-INF/lib/byte-buddy-agent-1.9.16.jar  
 extracting: BOOT-INF/lib/objenesis-2.6.jar  
 extracting: BOOT-INF/lib/powermock-reflect-2.0.2.jar  
 extracting: BOOT-INF/lib/powermock-core-2.0.2.jar  
 extracting: BOOT-INF/lib/jackson-databind-2.10.2.jar  
 extracting: BOOT-INF/lib/xercesImpl-2.11.0.jar  
 extracting: BOOT-INF/lib/xml-apis-1.4.01.jar  
 extracting: BOOT-INF/lib/vra-data-capture-service-8.6.0.jar  
 extracting: BOOT-INF/lib/spring-security-oauth2-2.0.14.RELEASE.jar  
 extracting: BOOT-INF/lib/spring-context-5.1.17.RELEASE.jar  
 extracting: BOOT-INF/lib/spring-security-core-5.1.11.RELEASE.jar  
 extracting: BOOT-INF/lib/jackson-mapper-asl-1.9.13.jar  
 extracting: BOOT-INF/lib/jackson-core-asl-1.9.13.jar  
 extracting: BOOT-INF/lib/commons-lang3-3.4.jar  
 extracting: BOOT-INF/lib/simple-xml-2.7.1.jar  
 extracting: BOOT-INF/lib/stax-api-1.0.1.jar  
 extracting: BOOT-INF/lib/stax-1.2.0.jar  
 extracting: BOOT-INF/lib/xpp3-1.1.3.3.jar  
 extracting: BOOT-INF/lib/snakeyaml-1.23.jar  
 extracting: BOOT-INF/lib/jackson-dataformat-yaml-2.10.2.jar  
 extracting: BOOT-INF/lib/jaxb-api-2.3.1.jar  
 extracting: BOOT-INF/lib/javax.activation-api-1.2.0.jar  
 extracting: BOOT-INF/lib/jaxb-core-3.0.0-M4.jar  
 extracting: BOOT-INF/lib/jakarta.xml.bind-api-3.0.0-RC3.jar  
 extracting: BOOT-INF/lib/jakarta.activation-2.0.0-RC3.jar  
 extracting: BOOT-INF/lib/jaxb-impl-3.0.0-M4.jar  
 extracting: BOOT-INF/lib/powermock-module-junit4-2.0.2.jar  
 extracting: BOOT-INF/lib/powermock-module-junit4-common-2.0.2.jar  
 extracting: BOOT-INF/lib/spring-boot-configuration-processor-2.1.16.RELEASE.jar  
 extracting: BOOT-INF/lib/spring-boot-starter-web-2.1.16.RELEASE.jar  
 extracting: BOOT-INF/lib/spring-boot-starter-json-2.1.16.RELEASE.jar  
 extracting: BOOT-INF/lib/jackson-datatype-jdk8-2.10.2.jar  
 extracting: BOOT-INF/lib/jackson-module-parameter-names-2.10.2.jar  
 extracting: BOOT-INF/lib/spring-boot-starter-tomcat-2.1.16.RELEASE.jar  
 extracting: BOOT-INF/lib/tomcat-embed-core-9.0.37.jar  
 extracting: BOOT-INF/lib/tomcat-embed-el-9.0.37.jar  
 extracting: BOOT-INF/lib/tomcat-embed-websocket-9.0.37.jar  
 extracting: BOOT-INF/lib/hibernate-validator-6.0.20.Final.jar  
 extracting: BOOT-INF/lib/jboss-logging-3.3.3.Final.jar  
 extracting: BOOT-INF/lib/spring-webmvc-5.1.17.RELEASE.jar  
 extracting: BOOT-INF/lib/spring-expression-5.1.17.RELEASE.jar  
 extracting: BOOT-INF/lib/spring-boot-starter-security-2.1.16.RELEASE.jar  
 extracting: BOOT-INF/lib/spring-aop-5.1.17.RELEASE.jar  
 extracting: BOOT-INF/lib/spring-security-config-5.1.11.RELEASE.jar  
 extracting: BOOT-INF/lib/spring-security-web-5.1.11.RELEASE.jar  
 extracting: BOOT-INF/lib/hamcrest-core-1.3.jar  
 extracting: BOOT-INF/lib/spring-core-5.1.17.RELEASE.jar  
 extracting: BOOT-INF/lib/spring-jcl-5.1.17.RELEASE.jar  
 extracting: BOOT-INF/lib/modelmapper-1.1.3.jar  
 extracting: BOOT-INF/lib/postgresql-42.2.5.jar  
 extracting: BOOT-INF/lib/vmlcm-vrlcm-sdk-8.6.0-SNAPSHOT.jar  
 extracting: BOOT-INF/lib/jackson-datatype-threetenbp-2.6.4.jar  
 extracting: BOOT-INF/lib/threetenbp-1.3.1.jar  
 extracting: BOOT-INF/lib/javax.annotation-api-1.3.2.jar  
 extracting: BOOT-INF/lib/lcm-util-8.6.0-SNAPSHOT.jar  
 extracting: BOOT-INF/lib/ini4j-0.5.1.jar  
 extracting: BOOT-INF/lib/slf4j-api-1.7.12.jar  
 extracting: BOOT-INF/lib/jackson-module-jsonSchema-2.10.2.jar  
 extracting: BOOT-INF/lib/commons-compress-1.9.jar  
 extracting: BOOT-INF/lib/diffutils-1.3.0.jar  
 extracting: BOOT-INF/lib/jdom-1.1.jar  
 extracting: BOOT-INF/lib/commons-configuration-1.10.jar  
 extracting: BOOT-INF/lib/reflections-0.9.11.jar  
 extracting: BOOT-INF/lib/javassist-3.21.0-GA.jar  
 extracting: BOOT-INF/lib/commons-net-3.4.jar  
 extracting: BOOT-INF/lib/commons-fileupload-1.4.jar  
 extracting: BOOT-INF/lib/minimal-json-0.9.5.jar  
 extracting: BOOT-INF/lib/commons-text-1.5.jar  
 extracting: BOOT-INF/lib/freemarker-2.3.29.jar  
 extracting: BOOT-INF/lib/expect4j-1.9.jar  
 extracting: BOOT-INF/lib/org.apache.servicemix.bundles.oro-2.0.8_6.jar  
 extracting: BOOT-INF/lib/com.springsource.tcl.lang.jacl-1.4.1.jar  
 extracting: BOOT-INF/lib/singleton-client-java-0.5.1.jar  
 extracting: BOOT-INF/lib/javax.servlet.jsp-api-2.3.1.jar  
 extracting: BOOT-INF/lib/javax.servlet-api-4.0.1.jar  
 extracting: BOOT-INF/lib/taglibs-standard-impl-1.2.5.jar  
 extracting: BOOT-INF/lib/json-simple-1.1.1.jar  
 extracting: BOOT-INF/lib/singleton-i18n-patterns-core-0.5.4.jar  
 extracting: BOOT-INF/lib/lombok-1.18.12.jar  
 extracting: BOOT-INF/lib/aspectj-maven-plugin-1.12.6.jar  
 extracting: BOOT-INF/lib/plexus-utils-3.1.0.jar  
 extracting: BOOT-INF/lib/maven-reporting-api-3.0.jar  
 extracting: BOOT-INF/lib/maven-plugin-api-3.0.5.jar  
 extracting: BOOT-INF/lib/maven-model-3.0.5.jar  
 extracting: BOOT-INF/lib/maven-artifact-3.0.5.jar  
 extracting: BOOT-INF/lib/sisu-inject-plexus-2.3.0.jar  
 extracting: BOOT-INF/lib/plexus-classworlds-2.4.jar  
 extracting: BOOT-INF/lib/sisu-inject-bean-2.3.0.jar  
 extracting: BOOT-INF/lib/sisu-guice-3.1.0-no_aop.jar  
 extracting: BOOT-INF/lib/maven-compat-3.0.5.jar  
 extracting: BOOT-INF/lib/maven-model-builder-3.0.5.jar  
 extracting: BOOT-INF/lib/maven-settings-3.0.5.jar  
 extracting: BOOT-INF/lib/maven-core-3.0.5.jar  
 extracting: BOOT-INF/lib/maven-settings-builder-3.2.1.jar  
 extracting: BOOT-INF/lib/maven-repository-metadata-3.0.5.jar  
 extracting: BOOT-INF/lib/maven-aether-provider-3.2.1.jar  
 extracting: BOOT-INF/lib/aether-api-1.0.2.v20150114.jar  
 extracting: BOOT-INF/lib/aether-spi-0.9.0.M2.jar  
 extracting: BOOT-INF/lib/aether-util-0.9.0.M2.jar  
 extracting: BOOT-INF/lib/aether-impl-1.0.2.v20150114.jar  
 extracting: BOOT-INF/lib/aether-impl-1.13.1.jar  
 extracting: BOOT-INF/lib/aether-spi-1.13.1.jar  
 extracting: BOOT-INF/lib/aether-api-1.13.1.jar  
 extracting: BOOT-INF/lib/aether-util-1.13.1.jar  
 extracting: BOOT-INF/lib/plexus-sec-dispatcher-1.3.jar  
 extracting: BOOT-INF/lib/plexus-cipher-1.4.jar  
 extracting: BOOT-INF/lib/plexus-interpolation-1.14.jar  
 extracting: BOOT-INF/lib/plexus-component-annotations-1.5.5.jar  
 extracting: BOOT-INF/lib/wagon-provider-api-2.4.jar  
 extracting: BOOT-INF/lib/doxia-sink-api-1.8.jar  
 extracting: BOOT-INF/lib/doxia-logging-api-1.8.jar  
 extracting: BOOT-INF/lib/doxia-site-renderer-1.8.jar  
 extracting: BOOT-INF/lib/doxia-core-1.8.jar  
 extracting: BOOT-INF/lib/doxia-decoration-model-1.8.jar  
 extracting: BOOT-INF/lib/doxia-skin-model-1.8.jar  
 extracting: BOOT-INF/lib/doxia-module-xhtml-1.8.jar  
 extracting: BOOT-INF/lib/plexus-i18n-1.0-beta-7.jar  
 extracting: BOOT-INF/lib/plexus-container-default-1.0-alpha-30.jar  
 extracting: BOOT-INF/lib/plexus-velocity-1.2.jar  
 extracting: BOOT-INF/lib/velocity-1.7.jar  
 extracting: BOOT-INF/lib/velocity-tools-2.0.jar  
 extracting: BOOT-INF/lib/commons-digester-1.8.jar  
 extracting: BOOT-INF/lib/commons-chain-1.1.jar  
 extracting: BOOT-INF/lib/dom4j-1.6.1.jar  
 extracting: BOOT-INF/lib/oro-2.0.8.jar  
 extracting: BOOT-INF/lib/sslext-1.2-0.jar  
 extracting: BOOT-INF/lib/struts-core-1.3.8.jar  
 extracting: BOOT-INF/lib/struts-taglib-1.3.8.jar  
 extracting: BOOT-INF/lib/struts-tiles-1.3.8.jar  
 extracting: BOOT-INF/lib/maven-reporting-impl-2.4.jar  
 extracting: BOOT-INF/lib/maven-project-2.2.1.jar  
 extracting: BOOT-INF/lib/maven-profile-2.2.1.jar  
 extracting: BOOT-INF/lib/maven-artifact-manager-2.2.1.jar  
 extracting: BOOT-INF/lib/backport-util-concurrent-3.1.jar  
 extracting: BOOT-INF/lib/maven-plugin-registry-2.2.1.jar  
 extracting: BOOT-INF/lib/maven-shared-utils-0.6.jar  
 extracting: BOOT-INF/lib/jsr305-2.0.1.jar  
 extracting: BOOT-INF/lib/commons-validator-1.4.1.jar  
 extracting: BOOT-INF/lib/aspectjrt-1.9.6.jar  
 extracting: BOOT-INF/lib/aspectjweaver-1.9.6.jar  
 extracting: BOOT-INF/lib/aspectjtools-1.9.6.jar  
 extracting: BOOT-INF/lib/springfox-swagger2-2.9.2.jar  
 extracting: BOOT-INF/lib/swagger-models-1.5.20.jar  
 extracting: BOOT-INF/lib/springfox-spi-2.9.2.jar  
 extracting: BOOT-INF/lib/springfox-core-2.9.2.jar  
 extracting: BOOT-INF/lib/springfox-schema-2.9.2.jar  
 extracting: BOOT-INF/lib/springfox-swagger-common-2.9.2.jar  
 extracting: BOOT-INF/lib/springfox-spring-web-2.9.2.jar  
 extracting: BOOT-INF/lib/guava-20.0.jar  
 extracting: BOOT-INF/lib/classmate-1.4.0.jar  
 extracting: BOOT-INF/lib/spring-plugin-core-1.2.0.RELEASE.jar  
 extracting: BOOT-INF/lib/spring-plugin-metadata-1.2.0.RELEASE.jar  
 extracting: BOOT-INF/lib/mapstruct-1.2.0.Final.jar  
 extracting: BOOT-INF/lib/springfox-swagger-ui-2.9.2.jar  
 extracting: BOOT-INF/lib/log4j-core-2.8.2.jar  
 extracting: BOOT-INF/lib/log4j-api-2.8.2.jar  
updating: BOOT-INF/classes/log4j2.xml
	zip warning: Local Entry CRC does not match CD: BOOT-INF/classes/log4j2.xml
 (deflated 61%)
test of blackstone-external-8.6.0.jar OK
Zip action:  0
Waiting for Blackstone services to start.
Waiting for Blackstone services to start.
Waiting for Blackstone services to start.
Waiting for Blackstone services to start.
